{"C:\\Users\\BigO\\CodeBrian\\FreelancerWebApp\\freelancer-management-platform\\backend\\server.js": {"path":"C:\\Users\\BigO\\CodeBrian\\FreelancerWebApp\\freelancer-management-platform\\backend\\server.js","statementMap":{"0":{"start":{"line":1,"column":0},"end":{"line":1,"column":27}},"1":{"start":{"line":2,"column":16},"end":{"line":2,"column":34}},"2":{"start":{"line":3,"column":19},"end":{"line":3,"column":50}},"3":{"start":{"line":4,"column":22},"end":{"line":4,"column":57}},"4":{"start":{"line":5,"column":22},"end":{"line":5,"column":50}},"5":{"start":{"line":7,"column":19},"end":{"line":7,"column":50}},"6":{"start":{"line":8,"column":16},"end":{"line":8,"column":42}},"7":{"start":{"line":9,"column":17},"end":{"line":9,"column":36}},"8":{"start":{"line":10,"column":13},"end":{"line":10,"column":28}},"9":{"start":{"line":11,"column":29},"end":{"line":11,"column":71}},"10":{"start":{"line":12,"column":22},"end":{"line":12,"column":56}},"11":{"start":{"line":13,"column":26},"end":{"line":13,"column":64}},"12":{"start":{"line":14,"column":24},"end":{"line":14,"column":60}},"13":{"start":{"line":15,"column":22},"end":{"line":15,"column":49}},"14":{"start":{"line":16,"column":19},"end":{"line":16,"column":50}},"15":{"start":{"line":17,"column":20},"end":{"line":17,"column":52}},"16":{"start":{"line":18,"column":19},"end":{"line":18,"column":43}},"17":{"start":{"line":21,"column":12},"end":{"line":21,"column":21}},"18":{"start":{"line":25,"column":0},"end":{"line":27,"column":1}},"19":{"start":{"line":26,"column":2},"end":{"line":26,"column":28}},"20":{"start":{"line":30,"column":14},"end":{"line":33,"column":2}},"21":{"start":{"line":35,"column":0},"end":{"line":44,"column":2}},"22":{"start":{"line":46,"column":0},"end":{"line":46,"column":24}},"23":{"start":{"line":50,"column":0},"end":{"line":66,"column":2}},"24":{"start":{"line":68,"column":0},"end":{"line":68,"column":31}},"25":{"start":{"line":69,"column":0},"end":{"line":69,"column":28}},"26":{"start":{"line":72,"column":0},"end":{"line":72,"column":29}},"27":{"start":{"line":73,"column":0},"end":{"line":73,"column":30}},"28":{"start":{"line":74,"column":0},"end":{"line":74,"column":48}},"29":{"start":{"line":75,"column":0},"end":{"line":75,"column":44}},"30":{"start":{"line":76,"column":0},"end":{"line":76,"column":35}},"31":{"start":{"line":77,"column":0},"end":{"line":77,"column":34}},"32":{"start":{"line":78,"column":0},"end":{"line":78,"column":35}},"33":{"start":{"line":81,"column":0},"end":{"line":81,"column":36}},"34":{"start":{"line":84,"column":0},"end":{"line":84,"column":55}},"35":{"start":{"line":87,"column":0},"end":{"line":87,"column":34}},"36":{"start":{"line":88,"column":13},"end":{"line":88,"column":37}},"37":{"start":{"line":90,"column":0},"end":{"line":93,"column":3}},"38":{"start":{"line":91,"column":2},"end":{"line":91,"column":14}},"39":{"start":{"line":92,"column":2},"end":{"line":92,"column":48}},"40":{"start":{"line":95,"column":0},"end":{"line":95,"column":21}}},"fnMap":{"0":{"name":"(anonymous_0)","decl":{"start":{"line":90,"column":17},"end":{"line":90,"column":18}},"loc":{"start":{"line":90,"column":23},"end":{"line":93,"column":1}},"line":90}},"branchMap":{"0":{"loc":{"start":{"line":25,"column":0},"end":{"line":27,"column":1}},"type":"if","locations":[{"start":{"line":25,"column":0},"end":{"line":27,"column":1}},{"start":{},"end":{}}],"line":25},"1":{"loc":{"start":{"line":38,"column":6},"end":{"line":40,"column":33}},"type":"cond-expr","locations":[{"start":{"line":39,"column":10},"end":{"line":39,"column":34}},{"start":{"line":40,"column":10},"end":{"line":40,"column":33}}],"line":38},"2":{"loc":{"start":{"line":57,"column":16},"end":{"line":57,"column":70}},"type":"cond-expr","locations":[{"start":{"line":57,"column":56},"end":{"line":57,"column":62}},{"start":{"line":57,"column":65},"end":{"line":57,"column":70}}],"line":57},"3":{"loc":{"start":{"line":88,"column":13},"end":{"line":88,"column":37}},"type":"binary-expr","locations":[{"start":{"line":88,"column":13},"end":{"line":88,"column":29}},{"start":{"line":88,"column":33},"end":{"line":88,"column":37}}],"line":88}},"s":{"0":1,"1":1,"2":1,"3":1,"4":1,"5":1,"6":1,"7":1,"8":1,"9":1,"10":1,"11":1,"12":1,"13":1,"14":1,"15":1,"16":1,"17":1,"18":1,"19":0,"20":1,"21":1,"22":1,"23":1,"24":1,"25":1,"26":1,"27":1,"28":1,"29":1,"30":1,"31":1,"32":1,"33":1,"34":1,"35":1,"36":1,"37":1,"38":1,"39":1,"40":1},"f":{"0":1},"b":{"0":[0,1],"1":[0,1],"2":[0,1],"3":[1,0]},"_coverageSchema":"1a1c01bbd47fc00a2c39e90264f33305004495a9","hash":"bfe5cf80131dc85fa480392a6718365451905c47"}
,"C:\\Users\\BigO\\CodeBrian\\FreelancerWebApp\\freelancer-management-platform\\backend\\configs\\db-conn.js": {"path":"C:\\Users\\BigO\\CodeBrian\\FreelancerWebApp\\freelancer-management-platform\\backend\\configs\\db-conn.js","statementMap":{"0":{"start":{"line":1,"column":17},"end":{"line":1,"column":36}},"1":{"start":{"line":3,"column":18},"end":{"line":11,"column":1}},"2":{"start":{"line":4,"column":2},"end":{"line":10,"column":3}},"3":{"start":{"line":5,"column":17},"end":{"line":5,"column":62}},"4":{"start":{"line":6,"column":4},"end":{"line":6,"column":62}},"5":{"start":{"line":8,"column":4},"end":{"line":8,"column":35}},"6":{"start":{"line":9,"column":4},"end":{"line":9,"column":20}},"7":{"start":{"line":13,"column":0},"end":{"line":13,"column":31}}},"fnMap":{"0":{"name":"(anonymous_0)","decl":{"start":{"line":3,"column":18},"end":{"line":3,"column":19}},"loc":{"start":{"line":3,"column":30},"end":{"line":11,"column":1}},"line":3}},"branchMap":{},"s":{"0":1,"1":1,"2":2,"3":2,"4":1,"5":1,"6":1,"7":1},"f":{"0":2},"b":{},"_coverageSchema":"1a1c01bbd47fc00a2c39e90264f33305004495a9","hash":"4d7718ff9b9cfe447e08ec71c760c270f324b354"}
,"C:\\Users\\BigO\\CodeBrian\\FreelancerWebApp\\freelancer-management-platform\\backend\\configs\\passport-setup.js": {"path":"C:\\Users\\BigO\\CodeBrian\\FreelancerWebApp\\freelancer-management-platform\\backend\\configs\\passport-setup.js","statementMap":{"0":{"start":{"line":1,"column":17},"end":{"line":1,"column":36}},"1":{"start":{"line":2,"column":23},"end":{"line":2,"column":57}},"2":{"start":{"line":3,"column":13},"end":{"line":3,"column":38}},"3":{"start":{"line":5,"column":0},"end":{"line":7,"column":3}},"4":{"start":{"line":6,"column":2},"end":{"line":6,"column":22}},"5":{"start":{"line":9,"column":0},"end":{"line":13,"column":3}},"6":{"start":{"line":10,"column":2},"end":{"line":12,"column":5}},"7":{"start":{"line":11,"column":4},"end":{"line":11,"column":21}},"8":{"start":{"line":16,"column":21},"end":{"line":16,"column":72}},"9":{"start":{"line":17,"column":17},"end":{"line":17,"column":54}},"10":{"start":{"line":21,"column":2},"end":{"line":23,"column":50}},"11":{"start":{"line":25,"column":0},"end":{"line":54,"column":2}},"12":{"start":{"line":33,"column":6},"end":{"line":51,"column":7}},"13":{"start":{"line":34,"column":29},"end":{"line":34,"column":73}},"14":{"start":{"line":36,"column":8},"end":{"line":47,"column":9}},"15":{"start":{"line":37,"column":10},"end":{"line":37,"column":55}},"16":{"start":{"line":38,"column":10},"end":{"line":38,"column":42}},"17":{"start":{"line":40,"column":26},"end":{"line":43,"column":12}},"18":{"start":{"line":44,"column":10},"end":{"line":44,"column":31}},"19":{"start":{"line":45,"column":10},"end":{"line":45,"column":54}},"20":{"start":{"line":46,"column":10},"end":{"line":46,"column":37}},"21":{"start":{"line":49,"column":8},"end":{"line":49,"column":67}},"22":{"start":{"line":50,"column":8},"end":{"line":50,"column":33}}},"fnMap":{"0":{"name":"(anonymous_0)","decl":{"start":{"line":5,"column":23},"end":{"line":5,"column":24}},"loc":{"start":{"line":5,"column":39},"end":{"line":7,"column":1}},"line":5},"1":{"name":"(anonymous_1)","decl":{"start":{"line":9,"column":25},"end":{"line":9,"column":26}},"loc":{"start":{"line":9,"column":39},"end":{"line":13,"column":1}},"line":9},"2":{"name":"(anonymous_2)","decl":{"start":{"line":10,"column":25},"end":{"line":10,"column":26}},"loc":{"start":{"line":10,"column":35},"end":{"line":12,"column":3}},"line":10},"3":{"name":"(anonymous_3)","decl":{"start":{"line":32,"column":4},"end":{"line":32,"column":5}},"loc":{"start":{"line":32,"column":56},"end":{"line":52,"column":5}},"line":32}},"branchMap":{"0":{"loc":{"start":{"line":16,"column":21},"end":{"line":16,"column":72}},"type":"binary-expr","locations":[{"start":{"line":16,"column":21},"end":{"line":16,"column":45}},{"start":{"line":16,"column":49},"end":{"line":16,"column":72}}],"line":16},"1":{"loc":{"start":{"line":17,"column":17},"end":{"line":17,"column":54}},"type":"binary-expr","locations":[{"start":{"line":17,"column":17},"end":{"line":17,"column":37}},{"start":{"line":17,"column":41},"end":{"line":17,"column":54}}],"line":17},"2":{"loc":{"start":{"line":21,"column":2},"end":{"line":23,"column":50}},"type":"cond-expr","locations":[{"start":{"line":22,"column":6},"end":{"line":22,"column":73}},{"start":{"line":23,"column":6},"end":{"line":23,"column":50}}],"line":21},"3":{"loc":{"start":{"line":36,"column":8},"end":{"line":47,"column":9}},"type":"if","locations":[{"start":{"line":36,"column":8},"end":{"line":47,"column":9}},{"start":{"line":39,"column":15},"end":{"line":47,"column":9}}],"line":36}},"s":{"0":8,"1":8,"2":8,"3":8,"4":1,"5":8,"6":0,"7":0,"8":8,"9":8,"10":8,"11":8,"12":0,"13":0,"14":0,"15":0,"16":0,"17":0,"18":0,"19":0,"20":0,"21":0,"22":0},"f":{"0":1,"1":0,"2":0,"3":0},"b":{"0":[8,2],"1":[8,1],"2":[0,8],"3":[0,0]},"_coverageSchema":"1a1c01bbd47fc00a2c39e90264f33305004495a9","hash":"ffe767c3f5e3b80d9f27f8b4e491fc784aa00d4a"}
,"C:\\Users\\BigO\\CodeBrian\\FreelancerWebApp\\freelancer-management-platform\\backend\\controllers\\milestoneController.js": {"path":"C:\\Users\\BigO\\CodeBrian\\FreelancerWebApp\\freelancer-management-platform\\backend\\controllers\\milestoneController.js","statementMap":{"0":{"start":{"line":1,"column":18},"end":{"line":1,"column":48}},"1":{"start":{"line":2,"column":23},"end":{"line":2,"column":58}},"2":{"start":{"line":4,"column":25},"end":{"line":34,"column":1}},"3":{"start":{"line":5,"column":20},"end":{"line":5,"column":30}},"4":{"start":{"line":6,"column":25},"end":{"line":6,"column":33}},"5":{"start":{"line":8,"column":2},"end":{"line":33,"column":3}},"6":{"start":{"line":9,"column":16},"end":{"line":9,"column":52}},"7":{"start":{"line":10,"column":4},"end":{"line":12,"column":5}},"8":{"start":{"line":11,"column":6},"end":{"line":11,"column":64}},"9":{"start":{"line":14,"column":30},"end":{"line":21,"column":5}},"10":{"start":{"line":15,"column":37},"end":{"line":20,"column":7}},"11":{"start":{"line":23,"column":4},"end":{"line":26,"column":7}},"12":{"start":{"line":28,"column":4},"end":{"line":28,"column":25}},"13":{"start":{"line":29,"column":4},"end":{"line":32,"column":7}},"14":{"start":{"line":36,"column":22},"end":{"line":51,"column":1}},"15":{"start":{"line":37,"column":20},"end":{"line":37,"column":30}},"16":{"start":{"line":39,"column":2},"end":{"line":50,"column":3}},"17":{"start":{"line":40,"column":23},"end":{"line":42,"column":13}},"18":{"start":{"line":44,"column":4},"end":{"line":44,"column":37}},"19":{"start":{"line":46,"column":4},"end":{"line":46,"column":25}},"20":{"start":{"line":47,"column":4},"end":{"line":49,"column":76}},"21":{"start":{"line":53,"column":33},"end":{"line":104,"column":1}},"22":{"start":{"line":54,"column":26},"end":{"line":54,"column":36}},"23":{"start":{"line":56,"column":2},"end":{"line":103,"column":3}},"24":{"start":{"line":57,"column":22},"end":{"line":57,"column":59}},"25":{"start":{"line":59,"column":4},"end":{"line":61,"column":5}},"26":{"start":{"line":60,"column":6},"end":{"line":60,"column":70}},"27":{"start":{"line":63,"column":4},"end":{"line":63,"column":35}},"28":{"start":{"line":64,"column":4},"end":{"line":64,"column":27}},"29":{"start":{"line":67,"column":26},"end":{"line":67,"column":74}},"30":{"start":{"line":70,"column":28},"end":{"line":70,"column":48}},"31":{"start":{"line":72,"column":19},"end":{"line":72,"column":65}},"32":{"start":{"line":75,"column":4},"end":{"line":79,"column":6}},"33":{"start":{"line":76,"column":35},"end":{"line":76,"column":59}},"34":{"start":{"line":81,"column":4},"end":{"line":81,"column":24}},"35":{"start":{"line":83,"column":25},"end":{"line":83,"column":77}},"36":{"start":{"line":83,"column":52},"end":{"line":83,"column":76}},"37":{"start":{"line":85,"column":4},"end":{"line":92,"column":5}},"38":{"start":{"line":87,"column":18},"end":{"line":91,"column":7}},"39":{"start":{"line":94,"column":4},"end":{"line":96,"column":69}},"40":{"start":{"line":98,"column":4},"end":{"line":98,"column":25}},"41":{"start":{"line":99,"column":4},"end":{"line":102,"column":7}},"42":{"start":{"line":106,"column":0},"end":{"line":106,"column":79}}},"fnMap":{"0":{"name":"(anonymous_0)","decl":{"start":{"line":4,"column":25},"end":{"line":4,"column":26}},"loc":{"start":{"line":4,"column":45},"end":{"line":34,"column":1}},"line":4},"1":{"name":"(anonymous_1)","decl":{"start":{"line":15,"column":21},"end":{"line":15,"column":22}},"loc":{"start":{"line":15,"column":37},"end":{"line":20,"column":7}},"line":15},"2":{"name":"(anonymous_2)","decl":{"start":{"line":36,"column":22},"end":{"line":36,"column":23}},"loc":{"start":{"line":36,"column":42},"end":{"line":51,"column":1}},"line":36},"3":{"name":"(anonymous_3)","decl":{"start":{"line":53,"column":33},"end":{"line":53,"column":34}},"loc":{"start":{"line":53,"column":53},"end":{"line":104,"column":1}},"line":53},"4":{"name":"(anonymous_4)","decl":{"start":{"line":76,"column":28},"end":{"line":76,"column":29}},"loc":{"start":{"line":76,"column":35},"end":{"line":76,"column":59}},"line":76},"5":{"name":"(anonymous_5)","decl":{"start":{"line":83,"column":45},"end":{"line":83,"column":46}},"loc":{"start":{"line":83,"column":52},"end":{"line":83,"column":76}},"line":83}},"branchMap":{"0":{"loc":{"start":{"line":10,"column":4},"end":{"line":12,"column":5}},"type":"if","locations":[{"start":{"line":10,"column":4},"end":{"line":12,"column":5}},{"start":{},"end":{}}],"line":10},"1":{"loc":{"start":{"line":59,"column":4},"end":{"line":61,"column":5}},"type":"if","locations":[{"start":{"line":59,"column":4},"end":{"line":61,"column":5}},{"start":{},"end":{}}],"line":59},"2":{"loc":{"start":{"line":85,"column":4},"end":{"line":92,"column":5}},"type":"if","locations":[{"start":{"line":85,"column":4},"end":{"line":92,"column":5}},{"start":{},"end":{}}],"line":85}},"s":{"0":3,"1":3,"2":3,"3":3,"4":3,"5":3,"6":3,"7":3,"8":1,"9":2,"10":2,"11":1,"12":1,"13":1,"14":3,"15":2,"16":2,"17":2,"18":1,"19":1,"20":1,"21":3,"22":4,"23":4,"24":4,"25":3,"26":1,"27":2,"28":2,"29":2,"30":2,"31":2,"32":2,"33":4,"34":2,"35":2,"36":4,"37":2,"38":1,"39":2,"40":1,"41":1,"42":3},"f":{"0":3,"1":2,"2":2,"3":4,"4":4,"5":4},"b":{"0":[1,2],"1":[1,2],"2":[1,1]},"_coverageSchema":"1a1c01bbd47fc00a2c39e90264f33305004495a9","hash":"9a616ba8a634b6d4ee946638946dbfa63f202f94"}
,"C:\\Users\\BigO\\CodeBrian\\FreelancerWebApp\\freelancer-management-platform\\backend\\controllers\\serviceRequestController.js": {"path":"C:\\Users\\BigO\\CodeBrian\\FreelancerWebApp\\freelancer-management-platform\\backend\\controllers\\serviceRequestController.js","statementMap":{"0":{"start":{"line":2,"column":23},"end":{"line":2,"column":58}},"1":{"start":{"line":4,"column":29},"end":{"line":28,"column":1}},"2":{"start":{"line":5,"column":36},"end":{"line":5,"column":44}},"3":{"start":{"line":8,"column":28},"end":{"line":12,"column":4}},"4":{"start":{"line":15,"column":2},"end":{"line":27,"column":7}},"5":{"start":{"line":18,"column":6},"end":{"line":21,"column":9}},"6":{"start":{"line":24,"column":6},"end":{"line":26,"column":68}},"7":{"start":{"line":30,"column":0},"end":{"line":30,"column":42}}},"fnMap":{"0":{"name":"(anonymous_0)","decl":{"start":{"line":4,"column":29},"end":{"line":4,"column":30}},"loc":{"start":{"line":4,"column":43},"end":{"line":28,"column":1}},"line":4},"1":{"name":"(anonymous_1)","decl":{"start":{"line":17,"column":10},"end":{"line":17,"column":11}},"loc":{"start":{"line":17,"column":28},"end":{"line":22,"column":5}},"line":17},"2":{"name":"(anonymous_2)","decl":{"start":{"line":23,"column":11},"end":{"line":23,"column":12}},"loc":{"start":{"line":23,"column":22},"end":{"line":27,"column":5}},"line":23}},"branchMap":{},"s":{"0":4,"1":4,"2":3,"3":3,"4":3,"5":1,"6":2,"7":4},"f":{"0":3,"1":1,"2":2},"b":{},"_coverageSchema":"1a1c01bbd47fc00a2c39e90264f33305004495a9","hash":"eb3be653db7c387aa712346e0c7c708b7bb2693f"}
,"C:\\Users\\BigO\\CodeBrian\\FreelancerWebApp\\freelancer-management-platform\\backend\\controllers\\user_controller.js": {"path":"C:\\Users\\BigO\\CodeBrian\\FreelancerWebApp\\freelancer-management-platform\\backend\\controllers\\user_controller.js","statementMap":{"0":{"start":{"line":1,"column":17},"end":{"line":1,"column":36}},"1":{"start":{"line":2,"column":13},"end":{"line":2,"column":38}},"2":{"start":{"line":4,"column":16},"end":{"line":23,"column":1}},"3":{"start":{"line":5,"column":15},"end":{"line":5,"column":23}},"4":{"start":{"line":6,"column":2},"end":{"line":10,"column":3}},"5":{"start":{"line":7,"column":4},"end":{"line":9,"column":63}},"6":{"start":{"line":12,"column":18},"end":{"line":12,"column":32}},"7":{"start":{"line":14,"column":2},"end":{"line":22,"column":3}},"8":{"start":{"line":15,"column":4},"end":{"line":15,"column":25}},"9":{"start":{"line":16,"column":4},"end":{"line":18,"column":71}},"10":{"start":{"line":20,"column":4},"end":{"line":20,"column":59}},"11":{"start":{"line":21,"column":4},"end":{"line":21,"column":79}},"12":{"start":{"line":25,"column":19},"end":{"line":39,"column":1}},"13":{"start":{"line":26,"column":17},"end":{"line":26,"column":27}},"14":{"start":{"line":27,"column":15},"end":{"line":27,"column":23}},"15":{"start":{"line":29,"column":2},"end":{"line":31,"column":3}},"16":{"start":{"line":30,"column":4},"end":{"line":30,"column":79}},"17":{"start":{"line":33,"column":2},"end":{"line":38,"column":3}},"18":{"start":{"line":34,"column":24},"end":{"line":34,"column":77}},"19":{"start":{"line":35,"column":4},"end":{"line":35,"column":63}},"20":{"start":{"line":37,"column":4},"end":{"line":37,"column":79}},"21":{"start":{"line":42,"column":18},"end":{"line":50,"column":1}},"22":{"start":{"line":43,"column":2},"end":{"line":49,"column":3}},"23":{"start":{"line":45,"column":4},"end":{"line":45,"column":27}},"24":{"start":{"line":48,"column":4},"end":{"line":48,"column":11}},"25":{"start":{"line":53,"column":14},"end":{"line":55,"column":1}},"26":{"start":{"line":54,"column":2},"end":{"line":54,"column":57}},"27":{"start":{"line":56,"column":26},"end":{"line":71,"column":1}},"28":{"start":{"line":57,"column":2},"end":{"line":70,"column":3}},"29":{"start":{"line":58,"column":25},"end":{"line":58,"column":48}},"30":{"start":{"line":60,"column":23},"end":{"line":60,"column":56}},"31":{"start":{"line":62,"column":4},"end":{"line":64,"column":5}},"32":{"start":{"line":63,"column":6},"end":{"line":63,"column":71}},"33":{"start":{"line":66,"column":4},"end":{"line":66,"column":37}},"34":{"start":{"line":68,"column":4},"end":{"line":68,"column":25}},"35":{"start":{"line":69,"column":4},"end":{"line":69,"column":54}},"36":{"start":{"line":73,"column":0},"end":{"line":73,"column":78}}},"fnMap":{"0":{"name":"(anonymous_0)","decl":{"start":{"line":4,"column":16},"end":{"line":4,"column":17}},"loc":{"start":{"line":4,"column":36},"end":{"line":23,"column":1}},"line":4},"1":{"name":"(anonymous_1)","decl":{"start":{"line":25,"column":19},"end":{"line":25,"column":20}},"loc":{"start":{"line":25,"column":39},"end":{"line":39,"column":1}},"line":25},"2":{"name":"(anonymous_2)","decl":{"start":{"line":42,"column":18},"end":{"line":42,"column":19}},"loc":{"start":{"line":42,"column":38},"end":{"line":50,"column":1}},"line":42},"3":{"name":"(anonymous_3)","decl":{"start":{"line":53,"column":14},"end":{"line":53,"column":15}},"loc":{"start":{"line":53,"column":34},"end":{"line":55,"column":1}},"line":53},"4":{"name":"(anonymous_4)","decl":{"start":{"line":56,"column":26},"end":{"line":56,"column":27}},"loc":{"start":{"line":56,"column":46},"end":{"line":71,"column":1}},"line":56}},"branchMap":{"0":{"loc":{"start":{"line":6,"column":2},"end":{"line":10,"column":3}},"type":"if","locations":[{"start":{"line":6,"column":2},"end":{"line":10,"column":3}},{"start":{},"end":{}}],"line":6},"1":{"loc":{"start":{"line":6,"column":6},"end":{"line":6,"column":52}},"type":"binary-expr","locations":[{"start":{"line":6,"column":6},"end":{"line":6,"column":20}},{"start":{"line":6,"column":24},"end":{"line":6,"column":38}},{"start":{"line":6,"column":42},"end":{"line":6,"column":52}}],"line":6},"2":{"loc":{"start":{"line":29,"column":2},"end":{"line":31,"column":3}},"type":"if","locations":[{"start":{"line":29,"column":2},"end":{"line":31,"column":3}},{"start":{},"end":{}}],"line":29},"3":{"loc":{"start":{"line":43,"column":2},"end":{"line":49,"column":3}},"type":"if","locations":[{"start":{"line":43,"column":2},"end":{"line":49,"column":3}},{"start":{"line":46,"column":9},"end":{"line":49,"column":3}}],"line":43},"4":{"loc":{"start":{"line":62,"column":4},"end":{"line":64,"column":5}},"type":"if","locations":[{"start":{"line":62,"column":4},"end":{"line":64,"column":5}},{"start":{},"end":{}}],"line":62}},"s":{"0":2,"1":2,"2":2,"3":2,"4":2,"5":1,"6":1,"7":1,"8":1,"9":1,"10":0,"11":0,"12":2,"13":3,"14":3,"15":3,"16":1,"17":2,"18":2,"19":1,"20":1,"21":2,"22":2,"23":1,"24":1,"25":2,"26":1,"27":2,"28":0,"29":0,"30":0,"31":0,"32":0,"33":0,"34":0,"35":0,"36":2},"f":{"0":2,"1":3,"2":2,"3":1,"4":0},"b":{"0":[1,1],"1":[2,1,1],"2":[1,2],"3":[1,1],"4":[0,0]},"_coverageSchema":"1a1c01bbd47fc00a2c39e90264f33305004495a9","hash":"a169f31f3bd1b66c8fcc5f108023461e8b77600b"}
,"C:\\Users\\BigO\\CodeBrian\\FreelancerWebApp\\freelancer-management-platform\\backend\\controllers\\webhookController.js": {"path":"C:\\Users\\BigO\\CodeBrian\\FreelancerWebApp\\freelancer-management-platform\\backend\\controllers\\webhookController.js","statementMap":{"0":{"start":{"line":1,"column":23},"end":{"line":1,"column":58}},"1":{"start":{"line":3,"column":30},"end":{"line":55,"column":1}},"2":{"start":{"line":4,"column":17},"end":{"line":4,"column":34}},"3":{"start":{"line":5,"column":17},"end":{"line":5,"column":48}},"4":{"start":{"line":6,"column":15},"end":{"line":9,"column":18}},"5":{"start":{"line":11,"column":2},"end":{"line":11,"column":32}},"6":{"start":{"line":13,"column":2},"end":{"line":15,"column":3}},"7":{"start":{"line":14,"column":4},"end":{"line":14,"column":66}},"8":{"start":{"line":17,"column":16},"end":{"line":17,"column":24}},"9":{"start":{"line":19,"column":2},"end":{"line":53,"column":3}},"10":{"start":{"line":20,"column":33},"end":{"line":20,"column":43}},"11":{"start":{"line":21,"column":33},"end":{"line":21,"column":41}},"12":{"start":{"line":22,"column":26},"end":{"line":22,"column":56}},"13":{"start":{"line":23,"column":22},"end":{"line":23,"column":48}},"14":{"start":{"line":25,"column":4},"end":{"line":25,"column":39}},"15":{"start":{"line":26,"column":4},"end":{"line":26,"column":35}},"16":{"start":{"line":28,"column":4},"end":{"line":28,"column":57}},"17":{"start":{"line":29,"column":4},"end":{"line":29,"column":50}},"18":{"start":{"line":30,"column":4},"end":{"line":30,"column":42}},"19":{"start":{"line":32,"column":4},"end":{"line":52,"column":5}},"20":{"start":{"line":33,"column":29},"end":{"line":33,"column":76}},"21":{"start":{"line":34,"column":6},"end":{"line":36,"column":7}},"22":{"start":{"line":35,"column":8},"end":{"line":35,"column":78}},"23":{"start":{"line":38,"column":6},"end":{"line":39,"column":51}},"24":{"start":{"line":40,"column":6},"end":{"line":40,"column":80}},"25":{"start":{"line":41,"column":6},"end":{"line":41,"column":76}},"26":{"start":{"line":43,"column":6},"end":{"line":43,"column":34}},"27":{"start":{"line":45,"column":6},"end":{"line":47,"column":68}},"28":{"start":{"line":49,"column":6},"end":{"line":51,"column":61}},"29":{"start":{"line":54,"column":2},"end":{"line":54,"column":63}},"30":{"start":{"line":57,"column":0},"end":{"line":59,"column":2}}},"fnMap":{"0":{"name":"(anonymous_0)","decl":{"start":{"line":3,"column":30},"end":{"line":3,"column":31}},"loc":{"start":{"line":3,"column":50},"end":{"line":55,"column":1}},"line":3}},"branchMap":{"0":{"loc":{"start":{"line":13,"column":2},"end":{"line":15,"column":3}},"type":"if","locations":[{"start":{"line":13,"column":2},"end":{"line":15,"column":3}},{"start":{},"end":{}}],"line":13},"1":{"loc":{"start":{"line":19,"column":2},"end":{"line":53,"column":3}},"type":"if","locations":[{"start":{"line":19,"column":2},"end":{"line":53,"column":3}},{"start":{},"end":{}}],"line":19},"2":{"loc":{"start":{"line":34,"column":6},"end":{"line":36,"column":7}},"type":"if","locations":[{"start":{"line":34,"column":6},"end":{"line":36,"column":7}},{"start":{},"end":{}}],"line":34}},"s":{"0":3,"1":3,"2":5,"3":5,"4":5,"5":5,"6":5,"7":1,"8":4,"9":4,"10":3,"11":3,"12":3,"13":3,"14":3,"15":3,"16":3,"17":3,"18":3,"19":3,"20":3,"21":3,"22":1,"23":2,"24":2,"25":2,"26":2,"27":1,"28":1,"29":1,"30":3},"f":{"0":5},"b":{"0":[1,4],"1":[3,1],"2":[1,2]},"_coverageSchema":"1a1c01bbd47fc00a2c39e90264f33305004495a9","hash":"eb7c708abe26ce039c437fe4cf082c747c1914c5"}
,"C:\\Users\\BigO\\CodeBrian\\FreelancerWebApp\\freelancer-management-platform\\backend\\models\\Application.js": {"path":"C:\\Users\\BigO\\CodeBrian\\FreelancerWebApp\\freelancer-management-platform\\backend\\models\\Application.js","statementMap":{"0":{"start":{"line":1,"column":17},"end":{"line":1,"column":36}},"1":{"start":{"line":3,"column":26},"end":{"line":31,"column":2}},"2":{"start":{"line":33,"column":0},"end":{"line":33,"column":66}}},"fnMap":{},"branchMap":{},"s":{"0":4,"1":4,"2":4},"f":{},"b":{},"_coverageSchema":"1a1c01bbd47fc00a2c39e90264f33305004495a9","hash":"8971b009b79b2f7fad8fcdf9548f5c7c4adf0231"}
,"C:\\Users\\BigO\\CodeBrian\\FreelancerWebApp\\freelancer-management-platform\\backend\\models\\File.js": {"path":"C:\\Users\\BigO\\CodeBrian\\FreelancerWebApp\\freelancer-management-platform\\backend\\models\\File.js","statementMap":{"0":{"start":{"line":1,"column":17},"end":{"line":1,"column":36}},"1":{"start":{"line":3,"column":19},"end":{"line":37,"column":1}},"2":{"start":{"line":39,"column":0},"end":{"line":39,"column":52}}},"fnMap":{},"branchMap":{},"s":{"0":1,"1":1,"2":1},"f":{},"b":{},"_coverageSchema":"1a1c01bbd47fc00a2c39e90264f33305004495a9","hash":"3ec5d20941169807325873f3b6c9ce0b20989a2f"}
,"C:\\Users\\BigO\\CodeBrian\\FreelancerWebApp\\freelancer-management-platform\\backend\\models\\Milestone.js": {"path":"C:\\Users\\BigO\\CodeBrian\\FreelancerWebApp\\freelancer-management-platform\\backend\\models\\Milestone.js","statementMap":{"0":{"start":{"line":1,"column":17},"end":{"line":1,"column":36}},"1":{"start":{"line":3,"column":24},"end":{"line":27,"column":1}},"2":{"start":{"line":29,"column":0},"end":{"line":29,"column":62}}},"fnMap":{},"branchMap":{},"s":{"0":3,"1":3,"2":3},"f":{},"b":{},"_coverageSchema":"1a1c01bbd47fc00a2c39e90264f33305004495a9","hash":"5be816550f8e163add76cde3df17b2ecaa46532c"}
,"C:\\Users\\BigO\\CodeBrian\\FreelancerWebApp\\freelancer-management-platform\\backend\\models\\ProfileDetails.js": {"path":"C:\\Users\\BigO\\CodeBrian\\FreelancerWebApp\\freelancer-management-platform\\backend\\models\\ProfileDetails.js","statementMap":{"0":{"start":{"line":1,"column":17},"end":{"line":1,"column":36}},"1":{"start":{"line":3,"column":22},"end":{"line":34,"column":1}},"2":{"start":{"line":37,"column":0},"end":{"line":37,"column":65}}},"fnMap":{},"branchMap":{},"s":{"0":2,"1":2,"2":2},"f":{},"b":{},"_coverageSchema":"1a1c01bbd47fc00a2c39e90264f33305004495a9","hash":"6ae778180e282b4e1cf83bab174205acc7522bd6"}
,"C:\\Users\\BigO\\CodeBrian\\FreelancerWebApp\\freelancer-management-platform\\backend\\models\\RoleChange.js": {"path":"C:\\Users\\BigO\\CodeBrian\\FreelancerWebApp\\freelancer-management-platform\\backend\\models\\RoleChange.js","statementMap":{"0":{"start":{"line":1,"column":17},"end":{"line":1,"column":36}},"1":{"start":{"line":3,"column":25},"end":{"line":31,"column":1}},"2":{"start":{"line":34,"column":0},"end":{"line":34,"column":67}}},"fnMap":{},"branchMap":{},"s":{"0":3,"1":3,"2":3},"f":{},"b":{},"_coverageSchema":"1a1c01bbd47fc00a2c39e90264f33305004495a9","hash":"e52c4d75fa708ce1345bcce8adb066c44bc5d400"}
,"C:\\Users\\BigO\\CodeBrian\\FreelancerWebApp\\freelancer-management-platform\\backend\\models\\ServiceRequest.js": {"path":"C:\\Users\\BigO\\CodeBrian\\FreelancerWebApp\\freelancer-management-platform\\backend\\models\\ServiceRequest.js","statementMap":{"0":{"start":{"line":1,"column":17},"end":{"line":1,"column":36}},"1":{"start":{"line":3,"column":29},"end":{"line":49,"column":1}},"2":{"start":{"line":51,"column":0},"end":{"line":51,"column":72}}},"fnMap":{},"branchMap":{},"s":{"0":11,"1":11,"2":11},"f":{},"b":{},"_coverageSchema":"1a1c01bbd47fc00a2c39e90264f33305004495a9","hash":"4126cd34d2c6698ad3087f129fee806c3f84e5bf"}
,"C:\\Users\\BigO\\CodeBrian\\FreelancerWebApp\\freelancer-management-platform\\backend\\models\\User.js": {"path":"C:\\Users\\BigO\\CodeBrian\\FreelancerWebApp\\freelancer-management-platform\\backend\\models\\User.js","statementMap":{"0":{"start":{"line":1,"column":17},"end":{"line":1,"column":36}},"1":{"start":{"line":3,"column":19},"end":{"line":26,"column":1}},"2":{"start":{"line":29,"column":0},"end":{"line":29,"column":52}}},"fnMap":{},"branchMap":{},"s":{"0":6,"1":6,"2":6},"f":{},"b":{},"_coverageSchema":"1a1c01bbd47fc00a2c39e90264f33305004495a9","hash":"efa65c9e810f8f39bea42183f6586eca3401da89"}
,"C:\\Users\\BigO\\CodeBrian\\FreelancerWebApp\\freelancer-management-platform\\backend\\routes\\admin-routes.js": {"path":"C:\\Users\\BigO\\CodeBrian\\FreelancerWebApp\\freelancer-management-platform\\backend\\routes\\admin-routes.js","statementMap":{"0":{"start":{"line":1,"column":16},"end":{"line":1,"column":34}},"1":{"start":{"line":2,"column":15},"end":{"line":2,"column":31}},"2":{"start":{"line":3,"column":13},"end":{"line":3,"column":38}},"3":{"start":{"line":4,"column":23},"end":{"line":4,"column":58}},"4":{"start":{"line":5,"column":19},"end":{"line":5,"column":50}},"5":{"start":{"line":8,"column":0},"end":{"line":23,"column":3}},"6":{"start":{"line":9,"column":2},"end":{"line":22,"column":3}},"7":{"start":{"line":10,"column":21},"end":{"line":12,"column":6}},"8":{"start":{"line":13,"column":27},"end":{"line":13,"column":64}},"9":{"start":{"line":14,"column":30},"end":{"line":16,"column":6}},"10":{"start":{"line":18,"column":4},"end":{"line":18,"column":74}},"11":{"start":{"line":20,"column":4},"end":{"line":20,"column":49}},"12":{"start":{"line":21,"column":4},"end":{"line":21,"column":61}},"13":{"start":{"line":25,"column":0},"end":{"line":25,"column":24}}},"fnMap":{"0":{"name":"(anonymous_0)","decl":{"start":{"line":8,"column":21},"end":{"line":8,"column":22}},"loc":{"start":{"line":8,"column":41},"end":{"line":23,"column":1}},"line":8}},"branchMap":{},"s":{"0":2,"1":2,"2":2,"3":2,"4":2,"5":2,"6":4,"7":4,"8":3,"9":3,"10":3,"11":1,"12":1,"13":2},"f":{"0":4},"b":{},"_coverageSchema":"1a1c01bbd47fc00a2c39e90264f33305004495a9","hash":"ee7df3dd553036ec7802a5fa1fb984ce3c37e54f"}
,"C:\\Users\\BigO\\CodeBrian\\FreelancerWebApp\\freelancer-management-platform\\backend\\routes\\application-routes.js": {"path":"C:\\Users\\BigO\\CodeBrian\\FreelancerWebApp\\freelancer-management-platform\\backend\\routes\\application-routes.js","statementMap":{"0":{"start":{"line":1,"column":16},"end":{"line":1,"column":34}},"1":{"start":{"line":2,"column":20},"end":{"line":2,"column":52}},"2":{"start":{"line":3,"column":23},"end":{"line":3,"column":58}},"3":{"start":{"line":4,"column":15},"end":{"line":4,"column":31}},"4":{"start":{"line":7,"column":0},"end":{"line":19,"column":3}},"5":{"start":{"line":8,"column":20},"end":{"line":8,"column":30}},"6":{"start":{"line":9,"column":2},"end":{"line":18,"column":3}},"7":{"start":{"line":10,"column":25},"end":{"line":12,"column":13}},"8":{"start":{"line":14,"column":4},"end":{"line":14,"column":39}},"9":{"start":{"line":16,"column":4},"end":{"line":16,"column":25}},"10":{"start":{"line":17,"column":4},"end":{"line":17,"column":69}},"11":{"start":{"line":22,"column":0},"end":{"line":58,"column":3}},"12":{"start":{"line":23,"column":28},"end":{"line":23,"column":38}},"13":{"start":{"line":25,"column":2},"end":{"line":57,"column":3}},"14":{"start":{"line":27,"column":24},"end":{"line":27,"column":65}},"15":{"start":{"line":29,"column":4},"end":{"line":31,"column":5}},"16":{"start":{"line":30,"column":6},"end":{"line":30,"column":72}},"17":{"start":{"line":33,"column":4},"end":{"line":35,"column":5}},"18":{"start":{"line":34,"column":6},"end":{"line":34,"column":79}},"19":{"start":{"line":38,"column":4},"end":{"line":38,"column":36}},"20":{"start":{"line":39,"column":4},"end":{"line":39,"column":29}},"21":{"start":{"line":42,"column":27},"end":{"line":42,"column":75}},"22":{"start":{"line":43,"column":4},"end":{"line":45,"column":5}},"23":{"start":{"line":44,"column":6},"end":{"line":44,"column":76}},"24":{"start":{"line":47,"column":4},"end":{"line":47,"column":59}},"25":{"start":{"line":48,"column":4},"end":{"line":48,"column":42}},"26":{"start":{"line":49,"column":4},"end":{"line":49,"column":45}},"27":{"start":{"line":50,"column":4},"end":{"line":50,"column":55}},"28":{"start":{"line":51,"column":4},"end":{"line":51,"column":32}},"29":{"start":{"line":53,"column":4},"end":{"line":53,"column":69}},"30":{"start":{"line":55,"column":4},"end":{"line":55,"column":25}},"31":{"start":{"line":56,"column":4},"end":{"line":56,"column":69}},"32":{"start":{"line":60,"column":0},"end":{"line":60,"column":24}}},"fnMap":{"0":{"name":"(anonymous_0)","decl":{"start":{"line":7,"column":27},"end":{"line":7,"column":28}},"loc":{"start":{"line":7,"column":47},"end":{"line":19,"column":1}},"line":7},"1":{"name":"(anonymous_1)","decl":{"start":{"line":22,"column":43},"end":{"line":22,"column":44}},"loc":{"start":{"line":22,"column":63},"end":{"line":58,"column":1}},"line":22}},"branchMap":{"0":{"loc":{"start":{"line":29,"column":4},"end":{"line":31,"column":5}},"type":"if","locations":[{"start":{"line":29,"column":4},"end":{"line":31,"column":5}},{"start":{},"end":{}}],"line":29},"1":{"loc":{"start":{"line":33,"column":4},"end":{"line":35,"column":5}},"type":"if","locations":[{"start":{"line":33,"column":4},"end":{"line":35,"column":5}},{"start":{},"end":{}}],"line":33},"2":{"loc":{"start":{"line":43,"column":4},"end":{"line":45,"column":5}},"type":"if","locations":[{"start":{"line":43,"column":4},"end":{"line":45,"column":5}},{"start":{},"end":{}}],"line":43}},"s":{"0":2,"1":2,"2":2,"3":2,"4":2,"5":2,"6":2,"7":2,"8":1,"9":1,"10":1,"11":2,"12":5,"13":5,"14":5,"15":4,"16":1,"17":3,"18":1,"19":2,"20":2,"21":2,"22":2,"23":1,"24":1,"25":1,"26":1,"27":1,"28":1,"29":1,"30":1,"31":1,"32":2},"f":{"0":2,"1":5},"b":{"0":[1,3],"1":[1,2],"2":[1,1]},"_coverageSchema":"1a1c01bbd47fc00a2c39e90264f33305004495a9","hash":"96d0252e072fdea1b09c429414cf7b2dff9f39d8"}
,"C:\\Users\\BigO\\CodeBrian\\FreelancerWebApp\\freelancer-management-platform\\backend\\routes\\auth-routes.js": {"path":"C:\\Users\\BigO\\CodeBrian\\FreelancerWebApp\\freelancer-management-platform\\backend\\routes\\auth-routes.js","statementMap":{"0":{"start":{"line":1,"column":15},"end":{"line":1,"column":42}},"1":{"start":{"line":2,"column":17},"end":{"line":2,"column":36}},"2":{"start":{"line":5,"column":2},"end":{"line":7,"column":29}},"3":{"start":{"line":10,"column":0},"end":{"line":31,"column":3}},"4":{"start":{"line":11,"column":2},"end":{"line":11,"column":73}},"5":{"start":{"line":12,"column":2},"end":{"line":30,"column":5}},"6":{"start":{"line":13,"column":4},"end":{"line":16,"column":5}},"7":{"start":{"line":14,"column":6},"end":{"line":14,"column":42}},"8":{"start":{"line":15,"column":6},"end":{"line":15,"column":55}},"9":{"start":{"line":17,"column":4},"end":{"line":29,"column":7}},"10":{"start":{"line":19,"column":6},"end":{"line":22,"column":7}},"11":{"start":{"line":20,"column":8},"end":{"line":20,"column":57}},"12":{"start":{"line":21,"column":8},"end":{"line":21,"column":64}},"13":{"start":{"line":23,"column":6},"end":{"line":27,"column":9}},"14":{"start":{"line":28,"column":6},"end":{"line":28,"column":48}},"15":{"start":{"line":34,"column":0},"end":{"line":39,"column":2}},"16":{"start":{"line":42,"column":0},"end":{"line":54,"column":3}},"17":{"start":{"line":44,"column":2},"end":{"line":44,"column":24}},"18":{"start":{"line":45,"column":20},"end":{"line":45,"column":48}},"19":{"start":{"line":47,"column":2},"end":{"line":53,"column":3}},"20":{"start":{"line":48,"column":4},"end":{"line":48,"column":65}},"21":{"start":{"line":51,"column":22},"end":{"line":51,"column":35}},"22":{"start":{"line":52,"column":4},"end":{"line":52,"column":54}},"23":{"start":{"line":56,"column":0},"end":{"line":66,"column":3}},"24":{"start":{"line":57,"column":2},"end":{"line":57,"column":38}},"25":{"start":{"line":58,"column":2},"end":{"line":58,"column":44}},"26":{"start":{"line":61,"column":2},"end":{"line":65,"column":3}},"27":{"start":{"line":62,"column":4},"end":{"line":62,"column":35}},"28":{"start":{"line":64,"column":4},"end":{"line":64,"column":59}},"29":{"start":{"line":68,"column":0},"end":{"line":68,"column":24}}},"fnMap":{"0":{"name":"(anonymous_0)","decl":{"start":{"line":10,"column":22},"end":{"line":10,"column":23}},"loc":{"start":{"line":10,"column":36},"end":{"line":31,"column":1}},"line":10},"1":{"name":"(anonymous_1)","decl":{"start":{"line":12,"column":13},"end":{"line":12,"column":14}},"loc":{"start":{"line":12,"column":22},"end":{"line":30,"column":3}},"line":12},"2":{"name":"(anonymous_2)","decl":{"start":{"line":17,"column":24},"end":{"line":17,"column":25}},"loc":{"start":{"line":17,"column":33},"end":{"line":29,"column":5}},"line":17},"3":{"name":"(anonymous_3)","decl":{"start":{"line":42,"column":64},"end":{"line":42,"column":65}},"loc":{"start":{"line":42,"column":78},"end":{"line":54,"column":1}},"line":42},"4":{"name":"(anonymous_4)","decl":{"start":{"line":56,"column":18},"end":{"line":56,"column":19}},"loc":{"start":{"line":56,"column":32},"end":{"line":66,"column":1}},"line":56}},"branchMap":{"0":{"loc":{"start":{"line":5,"column":2},"end":{"line":7,"column":29}},"type":"cond-expr","locations":[{"start":{"line":6,"column":6},"end":{"line":6,"column":30}},{"start":{"line":7,"column":6},"end":{"line":7,"column":29}}],"line":5},"1":{"loc":{"start":{"line":13,"column":4},"end":{"line":16,"column":5}},"type":"if","locations":[{"start":{"line":13,"column":4},"end":{"line":16,"column":5}},{"start":{},"end":{}}],"line":13},"2":{"loc":{"start":{"line":19,"column":6},"end":{"line":22,"column":7}},"type":"if","locations":[{"start":{"line":19,"column":6},"end":{"line":22,"column":7}},{"start":{},"end":{}}],"line":19},"3":{"loc":{"start":{"line":47,"column":2},"end":{"line":53,"column":3}},"type":"if","locations":[{"start":{"line":47,"column":2},"end":{"line":53,"column":3}},{"start":{"line":50,"column":9},"end":{"line":53,"column":3}}],"line":47},"4":{"loc":{"start":{"line":61,"column":2},"end":{"line":65,"column":3}},"type":"if","locations":[{"start":{"line":61,"column":2},"end":{"line":65,"column":3}},{"start":{"line":63,"column":9},"end":{"line":65,"column":3}}],"line":61}},"s":{"0":2,"1":2,"2":2,"3":2,"4":2,"5":2,"6":2,"7":0,"8":0,"9":2,"10":2,"11":0,"12":0,"13":2,"14":2,"15":2,"16":2,"17":2,"18":2,"19":2,"20":2,"21":0,"22":0,"23":2,"24":2,"25":2,"26":2,"27":2,"28":0,"29":2},"f":{"0":2,"1":2,"2":2,"3":2,"4":2},"b":{"0":[0,2],"1":[0,2],"2":[0,2],"3":[2,0],"4":[2,0]},"_coverageSchema":"1a1c01bbd47fc00a2c39e90264f33305004495a9","hash":"d86772eed7fca03aaf9b6f85afb5884a8f1c4411"}
,"C:\\Users\\BigO\\CodeBrian\\FreelancerWebApp\\freelancer-management-platform\\backend\\routes\\file-routes.js": {"path":"C:\\Users\\BigO\\CodeBrian\\FreelancerWebApp\\freelancer-management-platform\\backend\\routes\\file-routes.js","statementMap":{"0":{"start":{"line":1,"column":16},"end":{"line":1,"column":34}},"1":{"start":{"line":2,"column":15},"end":{"line":2,"column":31}},"2":{"start":{"line":3,"column":13},"end":{"line":3,"column":38}},"3":{"start":{"line":4,"column":15},"end":{"line":4,"column":32}},"4":{"start":{"line":5,"column":11},"end":{"line":5,"column":24}},"5":{"start":{"line":6,"column":13},"end":{"line":6,"column":28}},"6":{"start":{"line":7,"column":23},"end":{"line":7,"column":58}},"7":{"start":{"line":10,"column":16},"end":{"line":26,"column":2}},"8":{"start":{"line":12,"column":22},"end":{"line":12,"column":56}},"9":{"start":{"line":15,"column":4},"end":{"line":17,"column":5}},"10":{"start":{"line":16,"column":6},"end":{"line":16,"column":51}},"11":{"start":{"line":19,"column":4},"end":{"line":19,"column":24}},"12":{"start":{"line":23,"column":6},"end":{"line":23,"column":76}},"13":{"start":{"line":24,"column":4},"end":{"line":24,"column":25}},"14":{"start":{"line":28,"column":15},"end":{"line":31,"column":2}},"15":{"start":{"line":34,"column":0},"end":{"line":81,"column":3}},"16":{"start":{"line":35,"column":2},"end":{"line":80,"column":3}},"17":{"start":{"line":36,"column":22},"end":{"line":36,"column":32}},"18":{"start":{"line":39,"column":16},"end":{"line":39,"column":52}},"19":{"start":{"line":40,"column":4},"end":{"line":45,"column":5}},"20":{"start":{"line":41,"column":6},"end":{"line":43,"column":7}},"21":{"start":{"line":42,"column":8},"end":{"line":42,"column":37}},"22":{"start":{"line":44,"column":6},"end":{"line":44,"column":64}},"23":{"start":{"line":48,"column":4},"end":{"line":50,"column":5}},"24":{"start":{"line":49,"column":6},"end":{"line":49,"column":68}},"25":{"start":{"line":52,"column":17},"end":{"line":60,"column":6}},"26":{"start":{"line":62,"column":4},"end":{"line":62,"column":22}},"27":{"start":{"line":64,"column":4},"end":{"line":73,"column":7}},"28":{"start":{"line":75,"column":4},"end":{"line":75,"column":50}},"29":{"start":{"line":76,"column":4},"end":{"line":78,"column":5}},"30":{"start":{"line":77,"column":6},"end":{"line":77,"column":35}},"31":{"start":{"line":79,"column":4},"end":{"line":79,"column":63}},"32":{"start":{"line":84,"column":0},"end":{"line":105,"column":3}},"33":{"start":{"line":85,"column":2},"end":{"line":104,"column":3}},"34":{"start":{"line":86,"column":4},"end":{"line":86,"column":39}},"35":{"start":{"line":87,"column":22},"end":{"line":87,"column":32}},"36":{"start":{"line":90,"column":16},"end":{"line":90,"column":52}},"37":{"start":{"line":92,"column":4},"end":{"line":94,"column":5}},"38":{"start":{"line":93,"column":6},"end":{"line":93,"column":64}},"39":{"start":{"line":96,"column":18},"end":{"line":98,"column":29}},"40":{"start":{"line":100,"column":4},"end":{"line":100,"column":32}},"41":{"start":{"line":102,"column":4},"end":{"line":102,"column":50}},"42":{"start":{"line":103,"column":4},"end":{"line":103,"column":63}},"43":{"start":{"line":108,"column":0},"end":{"line":142,"column":3}},"44":{"start":{"line":109,"column":2},"end":{"line":141,"column":3}},"45":{"start":{"line":110,"column":23},"end":{"line":110,"column":33}},"46":{"start":{"line":113,"column":17},"end":{"line":113,"column":44}},"47":{"start":{"line":114,"column":4},"end":{"line":116,"column":5}},"48":{"start":{"line":115,"column":6},"end":{"line":115,"column":65}},"49":{"start":{"line":118,"column":16},"end":{"line":118,"column":57}},"50":{"start":{"line":120,"column":4},"end":{"line":122,"column":5}},"51":{"start":{"line":121,"column":6},"end":{"line":121,"column":78}},"52":{"start":{"line":124,"column":4},"end":{"line":126,"column":5}},"53":{"start":{"line":125,"column":6},"end":{"line":125,"column":75}},"54":{"start":{"line":129,"column":4},"end":{"line":132,"column":6}},"55":{"start":{"line":133,"column":4},"end":{"line":133,"column":52}},"56":{"start":{"line":136,"column":23},"end":{"line":136,"column":60}},"57":{"start":{"line":137,"column":4},"end":{"line":137,"column":25}},"58":{"start":{"line":139,"column":4},"end":{"line":139,"column":52}},"59":{"start":{"line":140,"column":4},"end":{"line":140,"column":63}},"60":{"start":{"line":145,"column":0},"end":{"line":184,"column":3}},"61":{"start":{"line":146,"column":2},"end":{"line":183,"column":3}},"62":{"start":{"line":147,"column":23},"end":{"line":147,"column":33}},"63":{"start":{"line":149,"column":17},"end":{"line":149,"column":44}},"64":{"start":{"line":151,"column":4},"end":{"line":153,"column":5}},"65":{"start":{"line":152,"column":6},"end":{"line":152,"column":65}},"66":{"start":{"line":155,"column":16},"end":{"line":155,"column":57}},"67":{"start":{"line":157,"column":4},"end":{"line":161,"column":5}},"68":{"start":{"line":158,"column":6},"end":{"line":160,"column":70}},"69":{"start":{"line":171,"column":4},"end":{"line":173,"column":5}},"70":{"start":{"line":172,"column":6},"end":{"line":172,"column":38}},"71":{"start":{"line":176,"column":4},"end":{"line":176,"column":41}},"72":{"start":{"line":177,"column":4},"end":{"line":177,"column":67}},"73":{"start":{"line":179,"column":4},"end":{"line":179,"column":48}},"74":{"start":{"line":180,"column":4},"end":{"line":182,"column":70}},"75":{"start":{"line":186,"column":0},"end":{"line":186,"column":24}}},"fnMap":{"0":{"name":"(anonymous_0)","decl":{"start":{"line":11,"column":15},"end":{"line":11,"column":16}},"loc":{"start":{"line":11,"column":40},"end":{"line":20,"column":3}},"line":11},"1":{"name":"(anonymous_1)","decl":{"start":{"line":21,"column":12},"end":{"line":21,"column":13}},"loc":{"start":{"line":21,"column":37},"end":{"line":25,"column":3}},"line":21},"2":{"name":"(anonymous_2)","decl":{"start":{"line":34,"column":53},"end":{"line":34,"column":54}},"loc":{"start":{"line":34,"column":73},"end":{"line":81,"column":1}},"line":34},"3":{"name":"(anonymous_3)","decl":{"start":{"line":84,"column":26},"end":{"line":84,"column":27}},"loc":{"start":{"line":84,"column":46},"end":{"line":105,"column":1}},"line":84},"4":{"name":"(anonymous_4)","decl":{"start":{"line":108,"column":32},"end":{"line":108,"column":33}},"loc":{"start":{"line":108,"column":52},"end":{"line":142,"column":1}},"line":108},"5":{"name":"(anonymous_5)","decl":{"start":{"line":145,"column":33},"end":{"line":145,"column":34}},"loc":{"start":{"line":145,"column":53},"end":{"line":184,"column":1}},"line":145}},"branchMap":{"0":{"loc":{"start":{"line":15,"column":4},"end":{"line":17,"column":5}},"type":"if","locations":[{"start":{"line":15,"column":4},"end":{"line":17,"column":5}},{"start":{},"end":{}}],"line":15},"1":{"loc":{"start":{"line":40,"column":4},"end":{"line":45,"column":5}},"type":"if","locations":[{"start":{"line":40,"column":4},"end":{"line":45,"column":5}},{"start":{},"end":{}}],"line":40},"2":{"loc":{"start":{"line":41,"column":6},"end":{"line":43,"column":7}},"type":"if","locations":[{"start":{"line":41,"column":6},"end":{"line":43,"column":7}},{"start":{},"end":{}}],"line":41},"3":{"loc":{"start":{"line":48,"column":4},"end":{"line":50,"column":5}},"type":"if","locations":[{"start":{"line":48,"column":4},"end":{"line":50,"column":5}},{"start":{},"end":{}}],"line":48},"4":{"loc":{"start":{"line":76,"column":4},"end":{"line":78,"column":5}},"type":"if","locations":[{"start":{"line":76,"column":4},"end":{"line":78,"column":5}},{"start":{},"end":{}}],"line":76},"5":{"loc":{"start":{"line":92,"column":4},"end":{"line":94,"column":5}},"type":"if","locations":[{"start":{"line":92,"column":4},"end":{"line":94,"column":5}},{"start":{},"end":{}}],"line":92},"6":{"loc":{"start":{"line":114,"column":4},"end":{"line":116,"column":5}},"type":"if","locations":[{"start":{"line":114,"column":4},"end":{"line":116,"column":5}},{"start":{},"end":{}}],"line":114},"7":{"loc":{"start":{"line":120,"column":4},"end":{"line":122,"column":5}},"type":"if","locations":[{"start":{"line":120,"column":4},"end":{"line":122,"column":5}},{"start":{},"end":{}}],"line":120},"8":{"loc":{"start":{"line":124,"column":4},"end":{"line":126,"column":5}},"type":"if","locations":[{"start":{"line":124,"column":4},"end":{"line":126,"column":5}},{"start":{},"end":{}}],"line":124},"9":{"loc":{"start":{"line":151,"column":4},"end":{"line":153,"column":5}},"type":"if","locations":[{"start":{"line":151,"column":4},"end":{"line":153,"column":5}},{"start":{},"end":{}}],"line":151},"10":{"loc":{"start":{"line":157,"column":4},"end":{"line":161,"column":5}},"type":"if","locations":[{"start":{"line":157,"column":4},"end":{"line":161,"column":5}},{"start":{},"end":{}}],"line":157},"11":{"loc":{"start":{"line":171,"column":4},"end":{"line":173,"column":5}},"type":"if","locations":[{"start":{"line":171,"column":4},"end":{"line":173,"column":5}},{"start":{},"end":{}}],"line":171}},"s":{"0":1,"1":1,"2":1,"3":1,"4":1,"5":1,"6":1,"7":1,"8":0,"9":0,"10":0,"11":0,"12":0,"13":0,"14":1,"15":1,"16":0,"17":0,"18":0,"19":0,"20":0,"21":0,"22":0,"23":0,"24":0,"25":0,"26":0,"27":0,"28":0,"29":0,"30":0,"31":0,"32":1,"33":0,"34":0,"35":0,"36":0,"37":0,"38":0,"39":0,"40":0,"41":0,"42":0,"43":1,"44":0,"45":0,"46":0,"47":0,"48":0,"49":0,"50":0,"51":0,"52":0,"53":0,"54":0,"55":0,"56":0,"57":0,"58":0,"59":0,"60":1,"61":0,"62":0,"63":0,"64":0,"65":0,"66":0,"67":0,"68":0,"69":0,"70":0,"71":0,"72":0,"73":0,"74":0,"75":1},"f":{"0":0,"1":0,"2":0,"3":0,"4":0,"5":0},"b":{"0":[0,0],"1":[0,0],"2":[0,0],"3":[0,0],"4":[0,0],"5":[0,0],"6":[0,0],"7":[0,0],"8":[0,0],"9":[0,0],"10":[0,0],"11":[0,0]},"_coverageSchema":"1a1c01bbd47fc00a2c39e90264f33305004495a9","hash":"88bc3a04ed8e65c2f7283d895d6462c007c0e9a1"}
,"C:\\Users\\BigO\\CodeBrian\\FreelancerWebApp\\freelancer-management-platform\\backend\\routes\\milestone-routes.js": {"path":"C:\\Users\\BigO\\CodeBrian\\FreelancerWebApp\\freelancer-management-platform\\backend\\routes\\milestone-routes.js","statementMap":{"0":{"start":{"line":1,"column":16},"end":{"line":1,"column":34}},"1":{"start":{"line":2,"column":15},"end":{"line":2,"column":31}},"2":{"start":{"line":7,"column":4},"end":{"line":7,"column":49}},"3":{"start":{"line":10,"column":0},"end":{"line":10,"column":41}},"4":{"start":{"line":13,"column":0},"end":{"line":13,"column":41}},"5":{"start":{"line":16,"column":0},"end":{"line":16,"column":63}},"6":{"start":{"line":18,"column":0},"end":{"line":18,"column":24}}},"fnMap":{},"branchMap":{},"s":{"0":2,"1":2,"2":2,"3":2,"4":2,"5":2,"6":2},"f":{},"b":{},"_coverageSchema":"1a1c01bbd47fc00a2c39e90264f33305004495a9","hash":"41c57b028e6692d69347dd5881408ec8943643c0"}
,"C:\\Users\\BigO\\CodeBrian\\FreelancerWebApp\\freelancer-management-platform\\backend\\routes\\payment-routes.js": {"path":"C:\\Users\\BigO\\CodeBrian\\FreelancerWebApp\\freelancer-management-platform\\backend\\routes\\payment-routes.js","statementMap":{"0":{"start":{"line":1,"column":16},"end":{"line":1,"column":34}},"1":{"start":{"line":2,"column":0},"end":{"line":2,"column":27}},"2":{"start":{"line":3,"column":14},"end":{"line":3,"column":30}},"3":{"start":{"line":4,"column":15},"end":{"line":4,"column":31}},"4":{"start":{"line":5,"column":23},"end":{"line":5,"column":58}},"5":{"start":{"line":8,"column":2},"end":{"line":10,"column":29}},"6":{"start":{"line":12,"column":0},"end":{"line":77,"column":3}},"7":{"start":{"line":13,"column":27},"end":{"line":13,"column":35}},"8":{"start":{"line":15,"column":25},"end":{"line":15,"column":61}},"9":{"start":{"line":17,"column":2},"end":{"line":17,"column":54}},"10":{"start":{"line":20,"column":43},"end":{"line":20,"column":57}},"11":{"start":{"line":21,"column":24},"end":{"line":21,"column":53}},"12":{"start":{"line":23,"column":2},"end":{"line":25,"column":3}},"13":{"start":{"line":24,"column":4},"end":{"line":24,"column":63}},"14":{"start":{"line":28,"column":20},"end":{"line":28,"column":64}},"15":{"start":{"line":29,"column":2},"end":{"line":29,"column":40}},"16":{"start":{"line":31,"column":2},"end":{"line":33,"column":3}},"17":{"start":{"line":32,"column":4},"end":{"line":32,"column":76}},"18":{"start":{"line":43,"column":2},"end":{"line":76,"column":3}},"19":{"start":{"line":45,"column":29},"end":{"line":63,"column":5}},"20":{"start":{"line":65,"column":4},"end":{"line":65,"column":61}},"21":{"start":{"line":66,"column":4},"end":{"line":72,"column":5}},"22":{"start":{"line":67,"column":6},"end":{"line":67,"column":78}},"23":{"start":{"line":69,"column":6},"end":{"line":71,"column":68}},"24":{"start":{"line":74,"column":4},"end":{"line":74,"column":53}},"25":{"start":{"line":75,"column":4},"end":{"line":75,"column":61}},"26":{"start":{"line":79,"column":0},"end":{"line":79,"column":24}}},"fnMap":{"0":{"name":"(anonymous_0)","decl":{"start":{"line":12,"column":40},"end":{"line":12,"column":41}},"loc":{"start":{"line":12,"column":60},"end":{"line":77,"column":1}},"line":12}},"branchMap":{"0":{"loc":{"start":{"line":8,"column":2},"end":{"line":10,"column":29}},"type":"cond-expr","locations":[{"start":{"line":9,"column":6},"end":{"line":9,"column":30}},{"start":{"line":10,"column":6},"end":{"line":10,"column":29}}],"line":8},"1":{"loc":{"start":{"line":23,"column":2},"end":{"line":25,"column":3}},"type":"if","locations":[{"start":{"line":23,"column":2},"end":{"line":25,"column":3}},{"start":{},"end":{}}],"line":23},"2":{"loc":{"start":{"line":31,"column":2},"end":{"line":33,"column":3}},"type":"if","locations":[{"start":{"line":31,"column":2},"end":{"line":33,"column":3}},{"start":{},"end":{}}],"line":31},"3":{"loc":{"start":{"line":31,"column":6},"end":{"line":31,"column":26}},"type":"binary-expr","locations":[{"start":{"line":31,"column":6},"end":{"line":31,"column":12}},{"start":{"line":31,"column":16},"end":{"line":31,"column":26}}],"line":31},"4":{"loc":{"start":{"line":66,"column":4},"end":{"line":72,"column":5}},"type":"if","locations":[{"start":{"line":66,"column":4},"end":{"line":72,"column":5}},{"start":{"line":68,"column":11},"end":{"line":72,"column":5}}],"line":66}},"s":{"0":2,"1":2,"2":2,"3":2,"4":2,"5":2,"6":2,"7":6,"8":6,"9":5,"10":5,"11":5,"12":5,"13":1,"14":4,"15":4,"16":4,"17":1,"18":3,"19":3,"20":3,"21":3,"22":2,"23":1,"24":0,"25":0,"26":2},"f":{"0":6},"b":{"0":[0,2],"1":[1,4],"2":[1,3],"3":[4,3],"4":[2,1]},"_coverageSchema":"1a1c01bbd47fc00a2c39e90264f33305004495a9","hash":"5a39d9950ededd3db786549a69e946aa4bb22c6c"}
,"C:\\Users\\BigO\\CodeBrian\\FreelancerWebApp\\freelancer-management-platform\\backend\\routes\\service-request-routes.js": {"path":"C:\\Users\\BigO\\CodeBrian\\FreelancerWebApp\\freelancer-management-platform\\backend\\routes\\service-request-routes.js","statementMap":{"0":{"start":{"line":1,"column":16},"end":{"line":1,"column":34}},"1":{"start":{"line":2,"column":23},"end":{"line":2,"column":58}},"2":{"start":{"line":3,"column":13},"end":{"line":3,"column":38}},"3":{"start":{"line":4,"column":20},"end":{"line":4,"column":52}},"4":{"start":{"line":5,"column":15},"end":{"line":5,"column":31}},"5":{"start":{"line":9,"column":4},"end":{"line":9,"column":54}},"6":{"start":{"line":12,"column":0},"end":{"line":43,"column":3}},"7":{"start":{"line":13,"column":36},"end":{"line":13,"column":44}},"8":{"start":{"line":15,"column":2},"end":{"line":42,"column":3}},"9":{"start":{"line":18,"column":19},"end":{"line":18,"column":72}},"10":{"start":{"line":23,"column":4},"end":{"line":25,"column":5}},"11":{"start":{"line":24,"column":6},"end":{"line":24,"column":67}},"12":{"start":{"line":27,"column":30},"end":{"line":30,"column":6}},"13":{"start":{"line":32,"column":4},"end":{"line":32,"column":35}},"14":{"start":{"line":33,"column":4},"end":{"line":36,"column":7}},"15":{"start":{"line":38,"column":4},"end":{"line":38,"column":25}},"16":{"start":{"line":39,"column":4},"end":{"line":41,"column":77}},"17":{"start":{"line":45,"column":0},"end":{"line":61,"column":3}},"18":{"start":{"line":46,"column":2},"end":{"line":60,"column":3}},"19":{"start":{"line":47,"column":21},"end":{"line":52,"column":13}},"20":{"start":{"line":54,"column":4},"end":{"line":54,"column":35}},"21":{"start":{"line":56,"column":4},"end":{"line":56,"column":25}},"22":{"start":{"line":57,"column":4},"end":{"line":59,"column":70}},"23":{"start":{"line":64,"column":0},"end":{"line":112,"column":3}},"24":{"start":{"line":65,"column":54},"end":{"line":65,"column":62}},"25":{"start":{"line":67,"column":2},"end":{"line":111,"column":3}},"26":{"start":{"line":68,"column":23},"end":{"line":71,"column":6}},"27":{"start":{"line":72,"column":4},"end":{"line":74,"column":5}},"28":{"start":{"line":73,"column":6},"end":{"line":73,"column":71}},"29":{"start":{"line":76,"column":16},"end":{"line":76,"column":52}},"30":{"start":{"line":77,"column":4},"end":{"line":79,"column":5}},"31":{"start":{"line":78,"column":6},"end":{"line":78,"column":76}},"32":{"start":{"line":81,"column":4},"end":{"line":85,"column":5}},"33":{"start":{"line":82,"column":6},"end":{"line":84,"column":68}},"34":{"start":{"line":87,"column":32},"end":{"line":90,"column":6}},"35":{"start":{"line":91,"column":4},"end":{"line":95,"column":5}},"36":{"start":{"line":92,"column":6},"end":{"line":94,"column":68}},"37":{"start":{"line":97,"column":27},"end":{"line":102,"column":6}},"38":{"start":{"line":103,"column":4},"end":{"line":103,"column":32}},"39":{"start":{"line":105,"column":4},"end":{"line":107,"column":79}},"40":{"start":{"line":109,"column":4},"end":{"line":109,"column":25}},"41":{"start":{"line":110,"column":4},"end":{"line":110,"column":76}},"42":{"start":{"line":115,"column":0},"end":{"line":131,"column":3}},"43":{"start":{"line":116,"column":17},"end":{"line":116,"column":27}},"44":{"start":{"line":117,"column":2},"end":{"line":130,"column":3}},"45":{"start":{"line":118,"column":17},"end":{"line":121,"column":13}},"46":{"start":{"line":122,"column":4},"end":{"line":124,"column":5}},"47":{"start":{"line":123,"column":6},"end":{"line":123,"column":64}},"48":{"start":{"line":126,"column":4},"end":{"line":126,"column":31}},"49":{"start":{"line":128,"column":4},"end":{"line":128,"column":25}},"50":{"start":{"line":129,"column":4},"end":{"line":129,"column":68}},"51":{"start":{"line":132,"column":0},"end":{"line":150,"column":3}},"52":{"start":{"line":133,"column":2},"end":{"line":149,"column":3}},"53":{"start":{"line":134,"column":28},"end":{"line":137,"column":13}},"54":{"start":{"line":145,"column":4},"end":{"line":145,"column":42}},"55":{"start":{"line":147,"column":4},"end":{"line":147,"column":61}},"56":{"start":{"line":148,"column":4},"end":{"line":148,"column":74}},"57":{"start":{"line":153,"column":0},"end":{"line":171,"column":3}},"58":{"start":{"line":157,"column":17},"end":{"line":157,"column":27}},"59":{"start":{"line":158,"column":2},"end":{"line":170,"column":3}},"60":{"start":{"line":159,"column":27},"end":{"line":164,"column":13}},"61":{"start":{"line":166,"column":4},"end":{"line":166,"column":41}},"62":{"start":{"line":168,"column":4},"end":{"line":168,"column":60}},"63":{"start":{"line":169,"column":4},"end":{"line":169,"column":70}},"64":{"start":{"line":174,"column":0},"end":{"line":191,"column":3}},"65":{"start":{"line":175,"column":17},"end":{"line":175,"column":27}},"66":{"start":{"line":176,"column":2},"end":{"line":190,"column":3}},"67":{"start":{"line":177,"column":16},"end":{"line":180,"column":13}},"68":{"start":{"line":182,"column":4},"end":{"line":184,"column":5}},"69":{"start":{"line":183,"column":6},"end":{"line":183,"column":64}},"70":{"start":{"line":186,"column":4},"end":{"line":186,"column":30}},"71":{"start":{"line":188,"column":4},"end":{"line":188,"column":56}},"72":{"start":{"line":189,"column":4},"end":{"line":189,"column":68}},"73":{"start":{"line":193,"column":0},"end":{"line":193,"column":24}}},"fnMap":{"0":{"name":"(anonymous_0)","decl":{"start":{"line":12,"column":23},"end":{"line":12,"column":24}},"loc":{"start":{"line":12,"column":43},"end":{"line":43,"column":1}},"line":12},"1":{"name":"(anonymous_1)","decl":{"start":{"line":45,"column":19},"end":{"line":45,"column":20}},"loc":{"start":{"line":45,"column":39},"end":{"line":61,"column":1}},"line":45},"2":{"name":"(anonymous_2)","decl":{"start":{"line":64,"column":29},"end":{"line":64,"column":30}},"loc":{"start":{"line":64,"column":49},"end":{"line":112,"column":1}},"line":64},"3":{"name":"(anonymous_3)","decl":{"start":{"line":115,"column":31},"end":{"line":115,"column":32}},"loc":{"start":{"line":115,"column":51},"end":{"line":131,"column":1}},"line":115},"4":{"name":"(anonymous_4)","decl":{"start":{"line":132,"column":27},"end":{"line":132,"column":28}},"loc":{"start":{"line":132,"column":47},"end":{"line":150,"column":1}},"line":132},"5":{"name":"(anonymous_5)","decl":{"start":{"line":153,"column":35},"end":{"line":153,"column":36}},"loc":{"start":{"line":153,"column":55},"end":{"line":171,"column":1}},"line":153},"6":{"name":"(anonymous_6)","decl":{"start":{"line":174,"column":23},"end":{"line":174,"column":24}},"loc":{"start":{"line":174,"column":43},"end":{"line":191,"column":1}},"line":174}},"branchMap":{"0":{"loc":{"start":{"line":23,"column":4},"end":{"line":25,"column":5}},"type":"if","locations":[{"start":{"line":23,"column":4},"end":{"line":25,"column":5}},{"start":{},"end":{}}],"line":23},"1":{"loc":{"start":{"line":72,"column":4},"end":{"line":74,"column":5}},"type":"if","locations":[{"start":{"line":72,"column":4},"end":{"line":74,"column":5}},{"start":{},"end":{}}],"line":72},"2":{"loc":{"start":{"line":77,"column":4},"end":{"line":79,"column":5}},"type":"if","locations":[{"start":{"line":77,"column":4},"end":{"line":79,"column":5}},{"start":{},"end":{}}],"line":77},"3":{"loc":{"start":{"line":81,"column":4},"end":{"line":85,"column":5}},"type":"if","locations":[{"start":{"line":81,"column":4},"end":{"line":85,"column":5}},{"start":{},"end":{}}],"line":81},"4":{"loc":{"start":{"line":91,"column":4},"end":{"line":95,"column":5}},"type":"if","locations":[{"start":{"line":91,"column":4},"end":{"line":95,"column":5}},{"start":{},"end":{}}],"line":91},"5":{"loc":{"start":{"line":122,"column":4},"end":{"line":124,"column":5}},"type":"if","locations":[{"start":{"line":122,"column":4},"end":{"line":124,"column":5}},{"start":{},"end":{}}],"line":122},"6":{"loc":{"start":{"line":182,"column":4},"end":{"line":184,"column":5}},"type":"if","locations":[{"start":{"line":182,"column":4},"end":{"line":184,"column":5}},{"start":{},"end":{}}],"line":182}},"s":{"0":3,"1":3,"2":3,"3":3,"4":3,"5":3,"6":3,"7":5,"8":5,"9":5,"10":4,"11":2,"12":2,"13":2,"14":2,"15":1,"16":1,"17":3,"18":3,"19":3,"20":1,"21":2,"22":2,"23":3,"24":6,"25":6,"26":6,"27":5,"28":1,"29":4,"30":4,"31":1,"32":3,"33":1,"34":2,"35":2,"36":1,"37":1,"38":1,"39":1,"40":1,"41":1,"42":3,"43":0,"44":0,"45":0,"46":0,"47":0,"48":0,"49":0,"50":0,"51":3,"52":0,"53":0,"54":0,"55":0,"56":0,"57":3,"58":0,"59":0,"60":0,"61":0,"62":0,"63":0,"64":3,"65":0,"66":0,"67":0,"68":0,"69":0,"70":0,"71":0,"72":0,"73":3},"f":{"0":5,"1":3,"2":6,"3":0,"4":0,"5":0,"6":0},"b":{"0":[2,2],"1":[1,4],"2":[1,3],"3":[1,2],"4":[1,1],"5":[0,0],"6":[0,0]},"_coverageSchema":"1a1c01bbd47fc00a2c39e90264f33305004495a9","hash":"f734ae03f6f211ef0cb967c7c937986818235b6a"}
,"C:\\Users\\BigO\\CodeBrian\\FreelancerWebApp\\freelancer-management-platform\\backend\\routes\\user-routes.js": {"path":"C:\\Users\\BigO\\CodeBrian\\FreelancerWebApp\\freelancer-management-platform\\backend\\routes\\user-routes.js","statementMap":{"0":{"start":{"line":1,"column":16},"end":{"line":1,"column":34}},"1":{"start":{"line":7,"column":4},"end":{"line":7,"column":45}},"2":{"start":{"line":8,"column":15},"end":{"line":8,"column":31}},"3":{"start":{"line":9,"column":13},"end":{"line":9,"column":38}},"4":{"start":{"line":10,"column":22},"end":{"line":10,"column":53}},"5":{"start":{"line":11,"column":23},"end":{"line":11,"column":58}},"6":{"start":{"line":13,"column":0},"end":{"line":13,"column":42}},"7":{"start":{"line":15,"column":0},"end":{"line":15,"column":26}},"8":{"start":{"line":17,"column":0},"end":{"line":17,"column":31}},"9":{"start":{"line":20,"column":0},"end":{"line":28,"column":3}},"10":{"start":{"line":21,"column":2},"end":{"line":27,"column":3}},"11":{"start":{"line":22,"column":18},"end":{"line":22,"column":35}},"12":{"start":{"line":23,"column":4},"end":{"line":23,"column":32}},"13":{"start":{"line":25,"column":4},"end":{"line":25,"column":48}},"14":{"start":{"line":26,"column":4},"end":{"line":26,"column":54}},"15":{"start":{"line":31,"column":0},"end":{"line":51,"column":3}},"16":{"start":{"line":32,"column":17},"end":{"line":32,"column":27}},"17":{"start":{"line":34,"column":2},"end":{"line":50,"column":3}},"18":{"start":{"line":35,"column":4},"end":{"line":38,"column":5}},"19":{"start":{"line":37,"column":6},"end":{"line":37,"column":80}},"20":{"start":{"line":40,"column":17},"end":{"line":40,"column":49}},"21":{"start":{"line":41,"column":4},"end":{"line":41,"column":40}},"22":{"start":{"line":42,"column":4},"end":{"line":44,"column":5}},"23":{"start":{"line":43,"column":6},"end":{"line":43,"column":65}},"24":{"start":{"line":46,"column":4},"end":{"line":46,"column":67}},"25":{"start":{"line":48,"column":4},"end":{"line":48,"column":47}},"26":{"start":{"line":49,"column":4},"end":{"line":49,"column":54}},"27":{"start":{"line":54,"column":0},"end":{"line":91,"column":3}},"28":{"start":{"line":57,"column":64},"end":{"line":57,"column":72}},"29":{"start":{"line":59,"column":2},"end":{"line":90,"column":3}},"30":{"start":{"line":60,"column":25},"end":{"line":60,"column":58}},"31":{"start":{"line":62,"column":4},"end":{"line":64,"column":5}},"32":{"start":{"line":63,"column":6},"end":{"line":63,"column":65}},"33":{"start":{"line":66,"column":27},"end":{"line":81,"column":5}},"34":{"start":{"line":83,"column":4},"end":{"line":86,"column":7}},"35":{"start":{"line":88,"column":4},"end":{"line":88,"column":56}},"36":{"start":{"line":89,"column":4},"end":{"line":89,"column":54}},"37":{"start":{"line":94,"column":0},"end":{"line":113,"column":3}},"38":{"start":{"line":95,"column":19},"end":{"line":95,"column":27}},"39":{"start":{"line":97,"column":2},"end":{"line":99,"column":3}},"40":{"start":{"line":98,"column":4},"end":{"line":98,"column":61}},"41":{"start":{"line":101,"column":2},"end":{"line":112,"column":3}},"42":{"start":{"line":102,"column":17},"end":{"line":106,"column":5}},"43":{"start":{"line":108,"column":4},"end":{"line":108,"column":69}},"44":{"start":{"line":110,"column":4},"end":{"line":110,"column":46}},"45":{"start":{"line":111,"column":4},"end":{"line":111,"column":54}},"46":{"start":{"line":116,"column":0},"end":{"line":154,"column":3}},"47":{"start":{"line":117,"column":2},"end":{"line":117,"column":58}},"48":{"start":{"line":118,"column":2},"end":{"line":118,"column":41}},"49":{"start":{"line":119,"column":2},"end":{"line":119,"column":34}},"50":{"start":{"line":120,"column":37},"end":{"line":120,"column":45}},"51":{"start":{"line":121,"column":15},"end":{"line":121,"column":23}},"52":{"start":{"line":122,"column":19},"end":{"line":122,"column":32}},"53":{"start":{"line":124,"column":2},"end":{"line":153,"column":3}},"54":{"start":{"line":125,"column":17},"end":{"line":125,"column":49}},"55":{"start":{"line":126,"column":4},"end":{"line":126,"column":72}},"56":{"start":{"line":126,"column":15},"end":{"line":126,"column":72}},"57":{"start":{"line":128,"column":4},"end":{"line":129,"column":79}},"58":{"start":{"line":129,"column":6},"end":{"line":129,"column":79}},"59":{"start":{"line":131,"column":28},"end":{"line":134,"column":6}},"60":{"start":{"line":135,"column":4},"end":{"line":139,"column":5}},"61":{"start":{"line":136,"column":6},"end":{"line":136,"column":52}},"62":{"start":{"line":137,"column":6},"end":{"line":137,"column":72}},"63":{"start":{"line":138,"column":6},"end":{"line":138,"column":13}},"64":{"start":{"line":141,"column":23},"end":{"line":147,"column":6}},"65":{"start":{"line":149,"column":4},"end":{"line":149,"column":28}},"66":{"start":{"line":150,"column":4},"end":{"line":150,"column":80}},"67":{"start":{"line":152,"column":4},"end":{"line":152,"column":52}},"68":{"start":{"line":157,"column":0},"end":{"line":171,"column":3}},"69":{"start":{"line":158,"column":2},"end":{"line":170,"column":3}},"70":{"start":{"line":159,"column":21},"end":{"line":161,"column":13}},"71":{"start":{"line":162,"column":4},"end":{"line":162,"column":47}},"72":{"start":{"line":164,"column":4},"end":{"line":164,"column":35}},"73":{"start":{"line":166,"column":4},"end":{"line":166,"column":25}},"74":{"start":{"line":167,"column":4},"end":{"line":169,"column":70}},"75":{"start":{"line":174,"column":0},"end":{"line":208,"column":3}},"76":{"start":{"line":175,"column":33},"end":{"line":175,"column":41}},"77":{"start":{"line":176,"column":2},"end":{"line":176,"column":66}},"78":{"start":{"line":177,"column":2},"end":{"line":207,"column":3}},"79":{"start":{"line":178,"column":20},"end":{"line":178,"column":75}},"80":{"start":{"line":179,"column":4},"end":{"line":181,"column":5}},"81":{"start":{"line":180,"column":6},"end":{"line":180,"column":66}},"82":{"start":{"line":183,"column":4},"end":{"line":185,"column":5}},"83":{"start":{"line":184,"column":6},"end":{"line":184,"column":74}},"84":{"start":{"line":187,"column":4},"end":{"line":196,"column":5}},"85":{"start":{"line":189,"column":6},"end":{"line":189,"column":49}},"86":{"start":{"line":190,"column":6},"end":{"line":190,"column":34}},"87":{"start":{"line":191,"column":6},"end":{"line":193,"column":9}},"88":{"start":{"line":195,"column":6},"end":{"line":195,"column":34}},"89":{"start":{"line":198,"column":4},"end":{"line":198,"column":35}},"90":{"start":{"line":199,"column":4},"end":{"line":199,"column":25}},"91":{"start":{"line":201,"column":4},"end":{"line":204,"column":7}},"92":{"start":{"line":206,"column":4},"end":{"line":206,"column":52}},"93":{"start":{"line":209,"column":30},"end":{"line":209,"column":71}},"94":{"start":{"line":211,"column":0},"end":{"line":211,"column":59}},"95":{"start":{"line":213,"column":0},"end":{"line":229,"column":3}},"96":{"start":{"line":214,"column":21},"end":{"line":214,"column":31}},"97":{"start":{"line":215,"column":2},"end":{"line":228,"column":3}},"98":{"start":{"line":216,"column":27},"end":{"line":218,"column":23}},"99":{"start":{"line":220,"column":4},"end":{"line":222,"column":5}},"100":{"start":{"line":221,"column":6},"end":{"line":221,"column":68}},"101":{"start":{"line":224,"column":4},"end":{"line":224,"column":41}},"102":{"start":{"line":226,"column":4},"end":{"line":226,"column":60}},"103":{"start":{"line":227,"column":4},"end":{"line":227,"column":61}},"104":{"start":{"line":231,"column":0},"end":{"line":231,"column":24}}},"fnMap":{"0":{"name":"(anonymous_0)","decl":{"start":{"line":20,"column":16},"end":{"line":20,"column":17}},"loc":{"start":{"line":20,"column":36},"end":{"line":28,"column":1}},"line":20},"1":{"name":"(anonymous_1)","decl":{"start":{"line":31,"column":33},"end":{"line":31,"column":34}},"loc":{"start":{"line":31,"column":53},"end":{"line":51,"column":1}},"line":31},"2":{"name":"(anonymous_2)","decl":{"start":{"line":54,"column":28},"end":{"line":54,"column":29}},"loc":{"start":{"line":54,"column":48},"end":{"line":91,"column":1}},"line":54},"3":{"name":"(anonymous_3)","decl":{"start":{"line":94,"column":36},"end":{"line":94,"column":37}},"loc":{"start":{"line":94,"column":56},"end":{"line":113,"column":1}},"line":94},"4":{"name":"(anonymous_4)","decl":{"start":{"line":116,"column":36},"end":{"line":116,"column":37}},"loc":{"start":{"line":116,"column":56},"end":{"line":154,"column":1}},"line":116},"5":{"name":"(anonymous_5)","decl":{"start":{"line":157,"column":26},"end":{"line":157,"column":27}},"loc":{"start":{"line":157,"column":46},"end":{"line":171,"column":1}},"line":157},"6":{"name":"(anonymous_6)","decl":{"start":{"line":174,"column":32},"end":{"line":174,"column":33}},"loc":{"start":{"line":174,"column":52},"end":{"line":208,"column":1}},"line":174},"7":{"name":"(anonymous_7)","decl":{"start":{"line":213,"column":31},"end":{"line":213,"column":32}},"loc":{"start":{"line":213,"column":51},"end":{"line":229,"column":1}},"line":213}},"branchMap":{"0":{"loc":{"start":{"line":35,"column":4},"end":{"line":38,"column":5}},"type":"if","locations":[{"start":{"line":35,"column":4},"end":{"line":38,"column":5}},{"start":{},"end":{}}],"line":35},"1":{"loc":{"start":{"line":42,"column":4},"end":{"line":44,"column":5}},"type":"if","locations":[{"start":{"line":42,"column":4},"end":{"line":44,"column":5}},{"start":{},"end":{}}],"line":42},"2":{"loc":{"start":{"line":62,"column":4},"end":{"line":64,"column":5}},"type":"if","locations":[{"start":{"line":62,"column":4},"end":{"line":64,"column":5}},{"start":{},"end":{}}],"line":62},"3":{"loc":{"start":{"line":97,"column":2},"end":{"line":99,"column":3}},"type":"if","locations":[{"start":{"line":97,"column":2},"end":{"line":99,"column":3}},{"start":{},"end":{}}],"line":97},"4":{"loc":{"start":{"line":126,"column":4},"end":{"line":126,"column":72}},"type":"if","locations":[{"start":{"line":126,"column":4},"end":{"line":126,"column":72}},{"start":{},"end":{}}],"line":126},"5":{"loc":{"start":{"line":128,"column":4},"end":{"line":129,"column":79}},"type":"if","locations":[{"start":{"line":128,"column":4},"end":{"line":129,"column":79}},{"start":{},"end":{}}],"line":128},"6":{"loc":{"start":{"line":135,"column":4},"end":{"line":139,"column":5}},"type":"if","locations":[{"start":{"line":135,"column":4},"end":{"line":139,"column":5}},{"start":{},"end":{}}],"line":135},"7":{"loc":{"start":{"line":179,"column":4},"end":{"line":181,"column":5}},"type":"if","locations":[{"start":{"line":179,"column":4},"end":{"line":181,"column":5}},{"start":{},"end":{}}],"line":179},"8":{"loc":{"start":{"line":183,"column":4},"end":{"line":185,"column":5}},"type":"if","locations":[{"start":{"line":183,"column":4},"end":{"line":185,"column":5}},{"start":{},"end":{}}],"line":183},"9":{"loc":{"start":{"line":187,"column":4},"end":{"line":196,"column":5}},"type":"if","locations":[{"start":{"line":187,"column":4},"end":{"line":196,"column":5}},{"start":{"line":194,"column":11},"end":{"line":196,"column":5}}],"line":187},"10":{"loc":{"start":{"line":220,"column":4},"end":{"line":222,"column":5}},"type":"if","locations":[{"start":{"line":220,"column":4},"end":{"line":222,"column":5}},{"start":{},"end":{}}],"line":220}},"s":{"0":2,"1":2,"2":2,"3":2,"4":2,"5":2,"6":2,"7":2,"8":2,"9":2,"10":4,"11":4,"12":2,"13":1,"14":1,"15":2,"16":4,"17":4,"18":4,"19":4,"20":0,"21":0,"22":0,"23":0,"24":0,"25":0,"26":0,"27":2,"28":2,"29":2,"30":2,"31":0,"32":0,"33":0,"34":0,"35":2,"36":2,"37":2,"38":2,"39":2,"40":1,"41":1,"42":1,"43":1,"44":0,"45":0,"46":2,"47":3,"48":3,"49":3,"50":3,"51":3,"52":3,"53":0,"54":0,"55":0,"56":0,"57":0,"58":0,"59":0,"60":0,"61":0,"62":0,"63":0,"64":0,"65":0,"66":0,"67":0,"68":2,"69":2,"70":2,"71":1,"72":1,"73":1,"74":1,"75":2,"76":3,"77":3,"78":3,"79":3,"80":0,"81":0,"82":0,"83":0,"84":0,"85":0,"86":0,"87":0,"88":0,"89":0,"90":0,"91":0,"92":3,"93":2,"94":2,"95":2,"96":0,"97":0,"98":0,"99":0,"100":0,"101":0,"102":0,"103":0,"104":2},"f":{"0":4,"1":4,"2":2,"3":2,"4":3,"5":2,"6":3,"7":0},"b":{"0":[4,0],"1":[0,0],"2":[0,0],"3":[1,1],"4":[0,0],"5":[0,0],"6":[0,0],"7":[0,0],"8":[0,0],"9":[0,0],"10":[0,0]},"_coverageSchema":"1a1c01bbd47fc00a2c39e90264f33305004495a9","hash":"6d80dbee5fdfb8b94d2c2c4b74ea7fe018dcac82"}
,"C:\\Users\\BigO\\CodeBrian\\FreelancerWebApp\\freelancer-management-platform\\backend\\routes\\webhook.js": {"path":"C:\\Users\\BigO\\CodeBrian\\FreelancerWebApp\\freelancer-management-platform\\backend\\routes\\webhook.js","statementMap":{"0":{"start":{"line":1,"column":16},"end":{"line":1,"column":34}},"1":{"start":{"line":2,"column":15},"end":{"line":2,"column":31}},"2":{"start":{"line":3,"column":26},"end":{"line":3,"column":69}},"3":{"start":{"line":5,"column":0},"end":{"line":5,"column":66}},"4":{"start":{"line":7,"column":0},"end":{"line":7,"column":24}}},"fnMap":{},"branchMap":{},"s":{"0":2,"1":2,"2":2,"3":2,"4":2},"f":{},"b":{},"_coverageSchema":"1a1c01bbd47fc00a2c39e90264f33305004495a9","hash":"d25014eb78f3a58e9b1ccc60763a8fbd0c4efcfa"}
}
