TN:
SF:server.js
FN:90,(anonymous_0)
FNF:1
FNH:1
FNDA:1,(anonymous_0)
DA:1,1
DA:2,1
DA:3,1
DA:4,1
DA:5,1
DA:7,1
DA:8,1
DA:9,1
DA:10,1
DA:11,1
DA:12,1
DA:13,1
DA:14,1
DA:15,1
DA:16,1
DA:17,1
DA:18,1
DA:21,1
DA:25,1
DA:26,0
DA:30,1
DA:35,1
DA:46,1
DA:50,1
DA:68,1
DA:69,1
DA:72,1
DA:73,1
DA:74,1
DA:75,1
DA:76,1
DA:77,1
DA:78,1
DA:81,1
DA:84,1
DA:87,1
DA:88,1
DA:90,1
DA:91,1
DA:92,1
DA:95,1
LF:41
LH:40
BRDA:25,0,0,0
BRDA:25,0,1,1
BRDA:38,1,0,0
BRDA:38,1,1,1
BRDA:57,2,0,0
BRDA:57,2,1,1
BRDA:88,3,0,1
BRDA:88,3,1,0
BRF:8
BRH:4
end_of_record
TN:
SF:configs\db-conn.js
FN:3,(anonymous_0)
FNF:1
FNH:1
FNDA:2,(anonymous_0)
DA:1,1
DA:3,1
DA:4,2
DA:5,2
DA:6,1
DA:8,1
DA:9,1
DA:13,1
LF:8
LH:8
BRF:0
BRH:0
end_of_record
TN:
SF:configs\passport-setup.js
FN:5,(anonymous_0)
FN:9,(anonymous_1)
FN:10,(anonymous_2)
FN:32,(anonymous_3)
FNF:4
FNH:1
FNDA:1,(anonymous_0)
FNDA:0,(anonymous_1)
FNDA:0,(anonymous_2)
FNDA:0,(anonymous_3)
DA:1,8
DA:2,8
DA:3,8
DA:5,8
DA:6,1
DA:9,8
DA:10,0
DA:11,0
DA:16,8
DA:17,8
DA:21,8
DA:25,8
DA:33,0
DA:34,0
DA:36,0
DA:37,0
DA:38,0
DA:40,0
DA:44,0
DA:45,0
DA:46,0
DA:49,0
DA:50,0
LF:23
LH:10
BRDA:16,0,0,8
BRDA:16,0,1,2
BRDA:17,1,0,8
BRDA:17,1,1,1
BRDA:21,2,0,0
BRDA:21,2,1,8
BRDA:36,3,0,0
BRDA:36,3,1,0
BRF:8
BRH:5
end_of_record
TN:
SF:controllers\milestoneController.js
FN:4,(anonymous_0)
FN:15,(anonymous_1)
FN:36,(anonymous_2)
FN:53,(anonymous_3)
FN:76,(anonymous_4)
FN:83,(anonymous_5)
FNF:6
FNH:6
FNDA:3,(anonymous_0)
FNDA:2,(anonymous_1)
FNDA:2,(anonymous_2)
FNDA:4,(anonymous_3)
FNDA:4,(anonymous_4)
FNDA:4,(anonymous_5)
DA:1,3
DA:2,3
DA:4,3
DA:5,3
DA:6,3
DA:8,3
DA:9,3
DA:10,3
DA:11,1
DA:14,2
DA:15,2
DA:23,1
DA:28,1
DA:29,1
DA:36,3
DA:37,2
DA:39,2
DA:40,2
DA:44,1
DA:46,1
DA:47,1
DA:53,3
DA:54,4
DA:56,4
DA:57,4
DA:59,3
DA:60,1
DA:63,2
DA:64,2
DA:67,2
DA:70,2
DA:72,2
DA:75,2
DA:76,4
DA:81,2
DA:83,4
DA:85,2
DA:87,1
DA:94,2
DA:98,1
DA:99,1
DA:106,3
LF:42
LH:42
BRDA:10,0,0,1
BRDA:10,0,1,2
BRDA:59,1,0,1
BRDA:59,1,1,2
BRDA:85,2,0,1
BRDA:85,2,1,1
BRF:6
BRH:6
end_of_record
TN:
SF:controllers\serviceRequestController.js
FN:4,(anonymous_0)
FN:17,(anonymous_1)
FN:23,(anonymous_2)
FNF:3
FNH:3
FNDA:3,(anonymous_0)
FNDA:1,(anonymous_1)
FNDA:2,(anonymous_2)
DA:2,4
DA:4,4
DA:5,3
DA:8,3
DA:15,3
DA:18,1
DA:24,2
DA:30,4
LF:8
LH:8
BRF:0
BRH:0
end_of_record
TN:
SF:controllers\user_controller.js
FN:4,(anonymous_0)
FN:25,(anonymous_1)
FN:42,(anonymous_2)
FN:53,(anonymous_3)
FN:56,(anonymous_4)
FNF:5
FNH:4
FNDA:2,(anonymous_0)
FNDA:3,(anonymous_1)
FNDA:2,(anonymous_2)
FNDA:1,(anonymous_3)
FNDA:0,(anonymous_4)
DA:1,2
DA:2,2
DA:4,2
DA:5,2
DA:6,2
DA:7,1
DA:12,1
DA:14,1
DA:15,1
DA:16,1
DA:20,0
DA:21,0
DA:25,2
DA:26,3
DA:27,3
DA:29,3
DA:30,1
DA:33,2
DA:34,2
DA:35,1
DA:37,1
DA:42,2
DA:43,2
DA:45,1
DA:48,1
DA:53,2
DA:54,1
DA:56,2
DA:57,0
DA:58,0
DA:60,0
DA:62,0
DA:63,0
DA:66,0
DA:68,0
DA:69,0
DA:73,2
LF:37
LH:27
BRDA:6,0,0,1
BRDA:6,0,1,1
BRDA:6,1,0,2
BRDA:6,1,1,1
BRDA:6,1,2,1
BRDA:29,2,0,1
BRDA:29,2,1,2
BRDA:43,3,0,1
BRDA:43,3,1,1
BRDA:62,4,0,0
BRDA:62,4,1,0
BRF:11
BRH:9
end_of_record
TN:
SF:controllers\webhookController.js
FN:3,(anonymous_0)
FNF:1
FNH:1
FNDA:5,(anonymous_0)
DA:1,3
DA:3,3
DA:4,5
DA:5,5
DA:6,5
DA:11,5
DA:13,5
DA:14,1
DA:17,4
DA:19,4
DA:20,3
DA:21,3
DA:22,3
DA:23,3
DA:25,3
DA:26,3
DA:28,3
DA:29,3
DA:30,3
DA:32,3
DA:33,3
DA:34,3
DA:35,1
DA:38,2
DA:40,2
DA:41,2
DA:43,2
DA:45,1
DA:49,1
DA:54,1
DA:57,3
LF:31
LH:31
BRDA:13,0,0,1
BRDA:13,0,1,4
BRDA:19,1,0,3
BRDA:19,1,1,1
BRDA:34,2,0,1
BRDA:34,2,1,2
BRF:6
BRH:6
end_of_record
TN:
SF:models\Application.js
FNF:0
FNH:0
DA:1,4
DA:3,4
DA:33,4
LF:3
LH:3
BRF:0
BRH:0
end_of_record
TN:
SF:models\File.js
FNF:0
FNH:0
DA:1,1
DA:3,1
DA:39,1
LF:3
LH:3
BRF:0
BRH:0
end_of_record
TN:
SF:models\Milestone.js
FNF:0
FNH:0
DA:1,3
DA:3,3
DA:29,3
LF:3
LH:3
BRF:0
BRH:0
end_of_record
TN:
SF:models\ProfileDetails.js
FNF:0
FNH:0
DA:1,2
DA:3,2
DA:37,2
LF:3
LH:3
BRF:0
BRH:0
end_of_record
TN:
SF:models\RoleChange.js
FNF:0
FNH:0
DA:1,3
DA:3,3
DA:34,3
LF:3
LH:3
BRF:0
BRH:0
end_of_record
TN:
SF:models\ServiceRequest.js
FNF:0
FNH:0
DA:1,11
DA:3,11
DA:51,11
LF:3
LH:3
BRF:0
BRH:0
end_of_record
TN:
SF:models\User.js
FNF:0
FNH:0
DA:1,6
DA:3,6
DA:29,6
LF:3
LH:3
BRF:0
BRH:0
end_of_record
TN:
SF:routes\admin-routes.js
FN:8,(anonymous_0)
FNF:1
FNH:1
FNDA:4,(anonymous_0)
DA:1,2
DA:2,2
DA:3,2
DA:4,2
DA:5,2
DA:8,2
DA:9,4
DA:10,4
DA:13,3
DA:14,3
DA:18,3
DA:20,1
DA:21,1
DA:25,2
LF:14
LH:14
BRF:0
BRH:0
end_of_record
TN:
SF:routes\application-routes.js
FN:7,(anonymous_0)
FN:22,(anonymous_1)
FNF:2
FNH:2
FNDA:2,(anonymous_0)
FNDA:5,(anonymous_1)
DA:1,2
DA:2,2
DA:3,2
DA:4,2
DA:7,2
DA:8,2
DA:9,2
DA:10,2
DA:14,1
DA:16,1
DA:17,1
DA:22,2
DA:23,5
DA:25,5
DA:27,5
DA:29,4
DA:30,1
DA:33,3
DA:34,1
DA:38,2
DA:39,2
DA:42,2
DA:43,2
DA:44,1
DA:47,1
DA:48,1
DA:49,1
DA:50,1
DA:51,1
DA:53,1
DA:55,1
DA:56,1
DA:60,2
LF:33
LH:33
BRDA:29,0,0,1
BRDA:29,0,1,3
BRDA:33,1,0,1
BRDA:33,1,1,2
BRDA:43,2,0,1
BRDA:43,2,1,1
BRF:6
BRH:6
end_of_record
TN:
SF:routes\auth-routes.js
FN:10,(anonymous_0)
FN:12,(anonymous_1)
FN:17,(anonymous_2)
FN:42,(anonymous_3)
FN:56,(anonymous_4)
FNF:5
FNH:5
FNDA:2,(anonymous_0)
FNDA:2,(anonymous_1)
FNDA:2,(anonymous_2)
FNDA:2,(anonymous_3)
FNDA:2,(anonymous_4)
DA:1,2
DA:2,2
DA:5,2
DA:10,2
DA:11,2
DA:12,2
DA:13,2
DA:14,0
DA:15,0
DA:17,2
DA:19,2
DA:20,0
DA:21,0
DA:23,2
DA:28,2
DA:34,2
DA:42,2
DA:44,2
DA:45,2
DA:47,2
DA:48,2
DA:51,0
DA:52,0
DA:56,2
DA:57,2
DA:58,2
DA:61,2
DA:62,2
DA:64,0
DA:68,2
LF:30
LH:23
BRDA:5,0,0,0
BRDA:5,0,1,2
BRDA:13,1,0,0
BRDA:13,1,1,2
BRDA:19,2,0,0
BRDA:19,2,1,2
BRDA:47,3,0,2
BRDA:47,3,1,0
BRDA:61,4,0,2
BRDA:61,4,1,0
BRF:10
BRH:5
end_of_record
TN:
SF:routes\file-routes.js
FN:11,(anonymous_0)
FN:21,(anonymous_1)
FN:34,(anonymous_2)
FN:84,(anonymous_3)
FN:108,(anonymous_4)
FN:145,(anonymous_5)
FNF:6
FNH:0
FNDA:0,(anonymous_0)
FNDA:0,(anonymous_1)
FNDA:0,(anonymous_2)
FNDA:0,(anonymous_3)
FNDA:0,(anonymous_4)
FNDA:0,(anonymous_5)
DA:1,1
DA:2,1
DA:3,1
DA:4,1
DA:5,1
DA:6,1
DA:7,1
DA:10,1
DA:12,0
DA:15,0
DA:16,0
DA:19,0
DA:23,0
DA:24,0
DA:28,1
DA:34,1
DA:35,0
DA:36,0
DA:39,0
DA:40,0
DA:41,0
DA:42,0
DA:44,0
DA:48,0
DA:49,0
DA:52,0
DA:62,0
DA:64,0
DA:75,0
DA:76,0
DA:77,0
DA:79,0
DA:84,1
DA:85,0
DA:86,0
DA:87,0
DA:90,0
DA:92,0
DA:93,0
DA:96,0
DA:100,0
DA:102,0
DA:103,0
DA:108,1
DA:109,0
DA:110,0
DA:113,0
DA:114,0
DA:115,0
DA:118,0
DA:120,0
DA:121,0
DA:124,0
DA:125,0
DA:129,0
DA:133,0
DA:136,0
DA:137,0
DA:139,0
DA:140,0
DA:145,1
DA:146,0
DA:147,0
DA:149,0
DA:151,0
DA:152,0
DA:155,0
DA:157,0
DA:158,0
DA:171,0
DA:172,0
DA:176,0
DA:177,0
DA:179,0
DA:180,0
DA:186,1
LF:76
LH:14
BRDA:15,0,0,0
BRDA:15,0,1,0
BRDA:40,1,0,0
BRDA:40,1,1,0
BRDA:41,2,0,0
BRDA:41,2,1,0
BRDA:48,3,0,0
BRDA:48,3,1,0
BRDA:76,4,0,0
BRDA:76,4,1,0
BRDA:92,5,0,0
BRDA:92,5,1,0
BRDA:114,6,0,0
BRDA:114,6,1,0
BRDA:120,7,0,0
BRDA:120,7,1,0
BRDA:124,8,0,0
BRDA:124,8,1,0
BRDA:151,9,0,0
BRDA:151,9,1,0
BRDA:157,10,0,0
BRDA:157,10,1,0
BRDA:171,11,0,0
BRDA:171,11,1,0
BRF:24
BRH:0
end_of_record
TN:
SF:routes\milestone-routes.js
FNF:0
FNH:0
DA:1,2
DA:2,2
DA:7,2
DA:10,2
DA:13,2
DA:16,2
DA:18,2
LF:7
LH:7
BRF:0
BRH:0
end_of_record
TN:
SF:routes\payment-routes.js
FN:12,(anonymous_0)
FNF:1
FNH:1
FNDA:6,(anonymous_0)
DA:1,2
DA:2,2
DA:3,2
DA:4,2
DA:5,2
DA:8,2
DA:12,2
DA:13,6
DA:15,6
DA:17,5
DA:20,5
DA:21,5
DA:23,5
DA:24,1
DA:28,4
DA:29,4
DA:31,4
DA:32,1
DA:43,3
DA:45,3
DA:65,3
DA:66,3
DA:67,2
DA:69,1
DA:74,0
DA:75,0
DA:79,2
LF:27
LH:25
BRDA:8,0,0,0
BRDA:8,0,1,2
BRDA:23,1,0,1
BRDA:23,1,1,4
BRDA:31,2,0,1
BRDA:31,2,1,3
BRDA:31,3,0,4
BRDA:31,3,1,3
BRDA:66,4,0,2
BRDA:66,4,1,1
BRF:10
BRH:9
end_of_record
TN:
SF:routes\service-request-routes.js
FN:12,(anonymous_0)
FN:45,(anonymous_1)
FN:64,(anonymous_2)
FN:115,(anonymous_3)
FN:132,(anonymous_4)
FN:153,(anonymous_5)
FN:174,(anonymous_6)
FNF:7
FNH:3
FNDA:5,(anonymous_0)
FNDA:3,(anonymous_1)
FNDA:6,(anonymous_2)
FNDA:0,(anonymous_3)
FNDA:0,(anonymous_4)
FNDA:0,(anonymous_5)
FNDA:0,(anonymous_6)
DA:1,3
DA:2,3
DA:3,3
DA:4,3
DA:5,3
DA:9,3
DA:12,3
DA:13,5
DA:15,5
DA:18,5
DA:23,4
DA:24,2
DA:27,2
DA:32,2
DA:33,2
DA:38,1
DA:39,1
DA:45,3
DA:46,3
DA:47,3
DA:54,1
DA:56,2
DA:57,2
DA:64,3
DA:65,6
DA:67,6
DA:68,6
DA:72,5
DA:73,1
DA:76,4
DA:77,4
DA:78,1
DA:81,3
DA:82,1
DA:87,2
DA:91,2
DA:92,1
DA:97,1
DA:103,1
DA:105,1
DA:109,1
DA:110,1
DA:115,3
DA:116,0
DA:117,0
DA:118,0
DA:122,0
DA:123,0
DA:126,0
DA:128,0
DA:129,0
DA:132,3
DA:133,0
DA:134,0
DA:145,0
DA:147,0
DA:148,0
DA:153,3
DA:157,0
DA:158,0
DA:159,0
DA:166,0
DA:168,0
DA:169,0
DA:174,3
DA:175,0
DA:176,0
DA:177,0
DA:182,0
DA:183,0
DA:186,0
DA:188,0
DA:189,0
DA:193,3
LF:74
LH:47
BRDA:23,0,0,2
BRDA:23,0,1,2
BRDA:72,1,0,1
BRDA:72,1,1,4
BRDA:77,2,0,1
BRDA:77,2,1,3
BRDA:81,3,0,1
BRDA:81,3,1,2
BRDA:91,4,0,1
BRDA:91,4,1,1
BRDA:122,5,0,0
BRDA:122,5,1,0
BRDA:182,6,0,0
BRDA:182,6,1,0
BRF:14
BRH:10
end_of_record
TN:
SF:routes\user-routes.js
FN:20,(anonymous_0)
FN:31,(anonymous_1)
FN:54,(anonymous_2)
FN:94,(anonymous_3)
FN:116,(anonymous_4)
FN:157,(anonymous_5)
FN:174,(anonymous_6)
FN:213,(anonymous_7)
FNF:8
FNH:7
FNDA:4,(anonymous_0)
FNDA:4,(anonymous_1)
FNDA:2,(anonymous_2)
FNDA:2,(anonymous_3)
FNDA:3,(anonymous_4)
FNDA:2,(anonymous_5)
FNDA:3,(anonymous_6)
FNDA:0,(anonymous_7)
DA:1,2
DA:7,2
DA:8,2
DA:9,2
DA:10,2
DA:11,2
DA:13,2
DA:15,2
DA:17,2
DA:20,2
DA:21,4
DA:22,4
DA:23,2
DA:25,1
DA:26,1
DA:31,2
DA:32,4
DA:34,4
DA:35,4
DA:37,4
DA:40,0
DA:41,0
DA:42,0
DA:43,0
DA:46,0
DA:48,0
DA:49,0
DA:54,2
DA:57,2
DA:59,2
DA:60,2
DA:62,0
DA:63,0
DA:66,0
DA:83,0
DA:88,2
DA:89,2
DA:94,2
DA:95,2
DA:97,2
DA:98,1
DA:101,1
DA:102,1
DA:108,1
DA:110,0
DA:111,0
DA:116,2
DA:117,3
DA:118,3
DA:119,3
DA:120,3
DA:121,3
DA:122,3
DA:124,0
DA:125,0
DA:126,0
DA:128,0
DA:129,0
DA:131,0
DA:135,0
DA:136,0
DA:137,0
DA:138,0
DA:141,0
DA:149,0
DA:150,0
DA:152,0
DA:157,2
DA:158,2
DA:159,2
DA:162,1
DA:164,1
DA:166,1
DA:167,1
DA:174,2
DA:175,3
DA:176,3
DA:177,3
DA:178,3
DA:179,0
DA:180,0
DA:183,0
DA:184,0
DA:187,0
DA:189,0
DA:190,0
DA:191,0
DA:195,0
DA:198,0
DA:199,0
DA:201,0
DA:206,3
DA:209,2
DA:211,2
DA:213,2
DA:214,0
DA:215,0
DA:216,0
DA:220,0
DA:221,0
DA:224,0
DA:226,0
DA:227,0
DA:231,2
LF:104
LH:57
BRDA:35,0,0,4
BRDA:35,0,1,0
BRDA:42,1,0,0
BRDA:42,1,1,0
BRDA:62,2,0,0
BRDA:62,2,1,0
BRDA:97,3,0,1
BRDA:97,3,1,1
BRDA:126,4,0,0
BRDA:126,4,1,0
BRDA:128,5,0,0
BRDA:128,5,1,0
BRDA:135,6,0,0
BRDA:135,6,1,0
BRDA:179,7,0,0
BRDA:179,7,1,0
BRDA:183,8,0,0
BRDA:183,8,1,0
BRDA:187,9,0,0
BRDA:187,9,1,0
BRDA:220,10,0,0
BRDA:220,10,1,0
BRF:22
BRH:3
end_of_record
TN:
SF:routes\webhook.js
FNF:0
FNH:0
DA:1,2
DA:2,2
DA:3,2
DA:5,2
DA:7,2
LF:5
LH:5
BRF:0
BRH:0
end_of_record
